DEBUG com.paypal.sdk.core.EndpointsReader:http-bio-8082-exec-9 (EndpointsReader.java:98) - Found endpoint URL : beta-sandbox/PayPalAPIAA/92.0=https://api.beta-sandbox.paypal.com/nvp [2013-01-18 23:04:12,028]
DEBUG com.paypal.sdk.core.EndpointsReader:http-bio-8082-exec-9 (EndpointsReader.java:98) - Found endpoint URL : beta-sandbox/PayPalAPI-threetoken/92.0=https://api-3t.beta-sandbox.paypal.com/nvp [2013-01-18 23:04:12,029]
DEBUG com.paypal.sdk.core.EndpointsReader:http-bio-8082-exec-9 (EndpointsReader.java:98) - Found endpoint URL : beta-sandbox/PayPalAPIAA-threetoken/92.0=https://api-aa-3t.beta-sandbox.paypal.com/nvp [2013-01-18 23:04:12,029]
DEBUG com.paypal.sdk.core.nvp.NVPAPICaller:http-bio-8082-exec-9 (NVPAPICaller.java:210) - Connection opened for PayPalAPI: https://api-3t.sandbox.paypal.com/nvp [2013-01-18 23:04:12,035]
DEBUG org.apache.commons.httpclient.params.DefaultHttpParams:http-bio-8082-exec-9 (DefaultHttpParams.java:150) - Set parameter http.useragent = Jakarta Commons-HttpClient/3.0.1 [2013-01-18 23:04:12,041]
DEBUG org.apache.commons.httpclient.params.DefaultHttpParams:http-bio-8082-exec-9 (DefaultHttpParams.java:150) - Set parameter http.protocol.version = HTTP/1.1 [2013-01-18 23:04:12,043]
DEBUG org.apache.commons.httpclient.params.DefaultHttpParams:http-bio-8082-exec-9 (DefaultHttpParams.java:150) - Set parameter http.connection-manager.class = class org.apache.commons.httpclient.SimpleHttpConnectionManager [2013-01-18 23:04:12,045]
DEBUG org.apache.commons.httpclient.params.DefaultHttpParams:http-bio-8082-exec-9 (DefaultHttpParams.java:150) - Set parameter http.protocol.cookie-policy = rfc2109 [2013-01-18 23:04:12,045]
DEBUG org.apache.commons.httpclient.params.DefaultHttpParams:http-bio-8082-exec-9 (DefaultHttpParams.java:150) - Set parameter http.protocol.element-charset = US-ASCII [2013-01-18 23:04:12,045]
DEBUG org.apache.commons.httpclient.params.DefaultHttpParams:http-bio-8082-exec-9 (DefaultHttpParams.java:150) - Set parameter http.protocol.content-charset = ISO-8859-1 [2013-01-18 23:04:12,046]
DEBUG org.apache.commons.httpclient.params.DefaultHttpParams:http-bio-8082-exec-9 (DefaultHttpParams.java:150) - Set parameter http.method.retry-handler = org.apache.commons.httpclient.DefaultHttpMethodRetryHandler@127215f [2013-01-18 23:04:12,048]
DEBUG org.apache.commons.httpclient.params.DefaultHttpParams:http-bio-8082-exec-9 (DefaultHttpParams.java:150) - Set parameter http.dateparser.patterns = [EEE, dd MMM yyyy HH:mm:ss zzz, EEEE, dd-MMM-yy HH:mm:ss zzz, EEE MMM d HH:mm:ss yyyy, EEE, dd-MMM-yyyy HH:mm:ss z, EEE, dd-MMM-yyyy HH-mm-ss z, EEE, dd MMM yy HH:mm:ss z, EEE dd-MMM-yyyy HH:mm:ss z, EEE dd MMM yyyy HH:mm:ss z, EEE dd-MMM-yyyy HH-mm-ss z, EEE dd-MMM-yy HH:mm:ss z, EEE dd MMM yy HH:mm:ss z, EEE,dd-MMM-yy HH:mm:ss z, EEE,dd-MMM-yyyy HH:mm:ss z, EEE, dd-MM-yyyy HH:mm:ss z] [2013-01-18 23:04:12,048]
DEBUG org.apache.commons.httpclient.params.DefaultHttpParams:http-bio-8082-exec-9 (DefaultHttpParams.java:150) - Set parameter http.connection.timeout = 60000 [2013-01-18 23:04:12,048]
DEBUG org.apache.commons.httpclient.HttpClient:http-bio-8082-exec-9 (HttpClient.java:71) - Java version: 1.7.0_10 [2013-01-18 23:04:12,053]
DEBUG org.apache.commons.httpclient.HttpClient:http-bio-8082-exec-9 (HttpClient.java:72) - Java vendor: Oracle Corporation [2013-01-18 23:04:12,053]
DEBUG org.apache.commons.httpclient.HttpClient:http-bio-8082-exec-9 (HttpClient.java:73) - Java class path: C:\Program Files\Apache Software Foundation\Tomcat 7.0\bin\bootstrap.jar;C:\Program Files\Apache Software Foundation\Tomcat 7.0\bin\tomcat-juli.jar [2013-01-18 23:04:12,053]
DEBUG org.apache.commons.httpclient.HttpClient:http-bio-8082-exec-9 (HttpClient.java:74) - Operating system name: Windows 7 [2013-01-18 23:04:12,054]
DEBUG org.apache.commons.httpclient.HttpClient:http-bio-8082-exec-9 (HttpClient.java:75) - Operating system architecture: x86 [2013-01-18 23:04:12,054]
DEBUG org.apache.commons.httpclient.HttpClient:http-bio-8082-exec-9 (HttpClient.java:76) - Operating system version: 6.1 [2013-01-18 23:04:12,054]
DEBUG org.apache.commons.httpclient.HttpClient:http-bio-8082-exec-9 (HttpClient.java:81) - SUN 1.7: SUN (DSA key/parameter generation; DSA signing; SHA-1, MD5 digests; SecureRandom; X.509 certificates; JKS keystore; PKIX CertPathValidator; PKIX CertPathBuilder; LDAP, Collection CertStores, JavaPolicy Policy; JavaLoginConfig Configuration) [2013-01-18 23:04:12,054]
DEBUG org.apache.commons.httpclient.HttpClient:http-bio-8082-exec-9 (HttpClient.java:81) - SunRsaSign 1.7: Sun RSA signature provider [2013-01-18 23:04:12,054]
DEBUG org.apache.commons.httpclient.HttpClient:http-bio-8082-exec-9 (HttpClient.java:81) - SunEC 1.7: Sun Elliptic Curve provider (EC, ECDSA, ECDH) [2013-01-18 23:04:12,055]
DEBUG org.apache.commons.httpclient.HttpClient:http-bio-8082-exec-9 (HttpClient.java:81) - SunJSSE 1.7: Sun JSSE provider(PKCS12, SunX509 key/trust factories, SSLv3, TLSv1) [2013-01-18 23:04:12,055]
DEBUG org.apache.commons.httpclient.HttpClient:http-bio-8082-exec-9 (HttpClient.java:81) - SunJCE 1.7: SunJCE Provider (implements RSA, DES, Triple DES, AES, Blowfish, ARCFOUR, RC2, PBE, Diffie-Hellman, HMAC) [2013-01-18 23:04:12,055]
DEBUG org.apache.commons.httpclient.HttpClient:http-bio-8082-exec-9 (HttpClient.java:81) - SunJGSS 1.7: Sun (Kerberos v5, SPNEGO) [2013-01-18 23:04:12,055]
DEBUG org.apache.commons.httpclient.HttpClient:http-bio-8082-exec-9 (HttpClient.java:81) - SunSASL 1.7: Sun SASL provider(implements client mechanisms for: DIGEST-MD5, GSSAPI, EXTERNAL, PLAIN, CRAM-MD5, NTLM; server mechanisms for: DIGEST-MD5, GSSAPI, CRAM-MD5, NTLM) [2013-01-18 23:04:12,055]
DEBUG org.apache.commons.httpclient.HttpClient:http-bio-8082-exec-9 (HttpClient.java:81) - XMLDSig 1.0: XMLDSig (DOM XMLSignatureFactory; DOM KeyInfoFactory) [2013-01-18 23:04:12,056]
DEBUG org.apache.commons.httpclient.HttpClient:http-bio-8082-exec-9 (HttpClient.java:81) - SunPCSC 1.7: Sun PC/SC provider [2013-01-18 23:04:12,056]
DEBUG org.apache.commons.httpclient.HttpClient:http-bio-8082-exec-9 (HttpClient.java:81) - SunMSCAPI 1.7: Sun's Microsoft Crypto API provider [2013-01-18 23:04:12,056]
DEBUG org.apache.commons.httpclient.params.DefaultHttpParams:http-bio-8082-exec-9 (DefaultHttpParams.java:150) - Set parameter http.method.retry-handler = org.apache.commons.httpclient.DefaultHttpMethodRetryHandler@15c0b7a [2013-01-18 23:04:12,061]
DEBUG org.apache.commons.httpclient.HeaderElement:http-bio-8082-exec-9 (HeaderElement.java:237) - enter HeaderElement.parseElements(String) [2013-01-18 23:04:12,094]
DEBUG org.apache.commons.httpclient.HeaderElement:http-bio-8082-exec-9 (HeaderElement.java:193) - enter HeaderElement.parseElements(char[]) [2013-01-18 23:04:12,094]
DEBUG org.apache.commons.httpclient.HeaderElement:http-bio-8082-exec-9 (HeaderElement.java:278) - enter HeaderElement.getParameterByName(String) [2013-01-18 23:04:12,095]
DEBUG org.apache.commons.httpclient.methods.PostMethod:http-bio-8082-exec-9 (PostMethod.java:151) - enter PostMethod.clearRequestBody() [2013-01-18 23:04:12,096]
DEBUG org.apache.commons.httpclient.methods.EntityEnclosingMethod:http-bio-8082-exec-9 (EntityEnclosingMethod.java:149) - enter EntityEnclosingMethod.clearRequestBody() [2013-01-18 23:04:12,096]
 INFO com.paypal.sdk.core.nvp.NVPAPICaller:http-bio-8082-exec-9 (NVPAPICaller.java:358) - CANCELURL=http%3A%2F%2Flocalhost%3A8082%2FTCNUCI%2Fpaypal%2FCancel.jsp&ALLOWNOTE=1&NOSHIPPING=1&PAYMENTREQUEST_0_PAYMENTACTION=Sale&SOLUTIONTYPE=Sole&RETURNURL=http%3A%2F%2Flocalhost%3A8082%2FTCNUCI%2Fpaypal%2FConfirm&L_PAYMENTREQUEST_0_NAME0=Thai+Culture+Night+2013&PAYMENTREQUEST_n_INVNUM=123456&PAYMENTREQUEST_0_INVNUM=123456&L_PAYMENTREQUEST_0_AMT0=15&ADDROVERRIDE=0&VERSION=84.0&PAYMENTREQUEST_0_ITEMAMT=75&L_PAYMENTREQUEST_0_DESC0=Ticket+Description&LANDINGPAGE=Billing&L_PAYMENTREQUEST_0_QTY0=5&EMAIL=buyer_1356826305_per%40uci.edu&METHOD=SetExpressCheckout&PAYMENTREQUEST_0_AMT=75&REQCONFIRMSHIPPING=0&PAYMENTREQUEST_0_CURRENCYCODE=USD&PWD=******&SOURCE=PAYPAL_JAVA_SDK_92.0&SIGNATURE=**********&USER=seller_1356826347_biz_api1.uci.edu sent [2013-01-18 23:04:12,096]
DEBUG org.apache.commons.httpclient.HttpClient:http-bio-8082-exec-9 (HttpClient.java:322) - enter HttpClient.executeMethod(HttpMethod) [2013-01-18 23:04:12,096]
DEBUG org.apache.commons.httpclient.HttpClient:http-bio-8082-exec-9 (HttpClient.java:373) - enter HttpClient.executeMethod(HostConfiguration,HttpMethod,HttpState) [2013-01-18 23:04:12,097]
DEBUG org.apache.commons.httpclient.HttpMethodDirector:http-bio-8082-exec-9 (HttpMethodDirector.java:378) - Attempt number 1 to process request [2013-01-18 23:04:12,108]
DEBUG org.apache.commons.httpclient.HttpConnection:http-bio-8082-exec-9 (HttpConnection.java:684) - enter HttpConnection.open() [2013-01-18 23:04:12,108]
DEBUG org.apache.commons.httpclient.HttpConnection:http-bio-8082-exec-9 (HttpConnection.java:691) - Open connection to api-3t.sandbox.paypal.com:443 [2013-01-18 23:04:12,108]
DEBUG com.paypal.sdk.core.nvp.NVPSSLSocketFactory:http-bio-8082-exec-9 (NVPSSLSocketFactory.java:138) - Server certificate chain: [2013-01-18 23:04:12,581]
DEBUG com.paypal.sdk.core.nvp.NVPSSLSocketFactory:http-bio-8082-exec-9 (NVPSSLSocketFactory.java:140) - X509Certificate[0]=[
[
  Version: V3
  Subject: CN=api-3t.sandbox.paypal.com, OU=PayPal Production, O="PayPal, Inc.", L=San Jose, ST=California, C=US
  Signature Algorithm: SHA1withRSA, OID = 1.2.840.113549.1.1.5

  Key:  Sun RSA public key, 2048 bits
  modulus: 26249330925140134709526871441560231357778200867776998646307629155962663706040252948990186320132243056260472101081593692279483480261629361717410791322077887724980076334913745263453891893998848454820362741713787832132945173251689975832901250426155252457224991341175332782550038642779201985764049460129804993548728695173163541412627490005449935753192063695904233456809251474866403432920150738623866659181283921537484225747910347865967666017207356034397062428244777746683692198459466642168307334466317811744588980112318649610923114884563103356721632398845746864580409921864129022587811672834878936644459746895420753517151
  public exponent: 65537
  Validity: [From: Wed Aug 10 17:00:00 PDT 2011,
               To: Tue Sep 17 16:59:59 PDT 2013]
  Issuer: CN=VeriSign Class 3 Secure Server CA - G3, OU=Terms of use at https://www.verisign.com/rpa (c)10, OU=VeriSign Trust Network, O="VeriSign, Inc.", C=US
  SerialNumber: [    5364cf37 bfdc2422 f890f86f 38e1d108]

Certificate Extensions: 8
[1]: ObjectId: 1.3.6.1.5.5.7.1.12 Criticality=false
Extension unknown: DER encoded OCTET string =
0000: 04 62 30 60 A1 5E A0 5C   30 5A 30 58 30 56 16 09  .b0`.^.\0Z0X0V..
0010: 69 6D 61 67 65 2F 67 69   66 30 21 30 1F 30 07 06  image/gif0!0.0..
0020: 05 2B 0E 03 02 1A 04 14   4B 6B B9 28 96 06 0C BB  .+......Kk.(....
0030: D0 52 38 9B 29 AC 4B 07   8B 21 05 18 30 26 16 24  .R8.).K..!..0&.$
0040: 68 74 74 70 3A 2F 2F 6C   6F 67 6F 2E 76 65 72 69  http://logo.veri
0050: 73 69 67 6E 2E 63 6F 6D   2F 76 73 6C 6F 67 6F 31  sign.com/vslogo1
0060: 2E 67 69 66                                        .gif


[2]: ObjectId: 1.3.6.1.5.5.7.1.1 Criticality=false
AuthorityInfoAccess [
  [
   accessMethod: ocsp
   accessLocation: URIName: http://ocsp.verisign.com
, 
   accessMethod: caIssuers
   accessLocation: URIName: http://SVRSecure-G3-aia.verisign.com/SVRSecureG3.cer
]
]

[3]: ObjectId: 2.5.29.35 Criticality=false
AuthorityKeyIdentifier [
KeyIdentifier [
0000: 0D 44 5C 16 53 44 C1 82   7E 1D 20 AB 25 F4 01 63  .D\.SD.... .%..c
0010: D8 BE 79 A5                                        ..y.
]
]

[4]: ObjectId: 2.5.29.19 Criticality=false
BasicConstraints:[
  CA:false
  PathLen: undefined
]

[5]: ObjectId: 2.5.29.31 Criticality=false
CRLDistributionPoints [
  [DistributionPoint:
     [URIName: http://SVRSecure-G3-crl.verisign.com/SVRSecureG3.crl]
]]

[6]: ObjectId: 2.5.29.32 Criticality=false
CertificatePolicies [
  [CertificatePolicyId: [2.16.840.1.113733.1.7.23.3]
[PolicyQualifierInfo: [
  qualifierID: 1.3.6.1.5.5.7.2.1
  qualifier: 0000: 16 1C 68 74 74 70 73 3A   2F 2F 77 77 77 2E 76 65  ..https://www.ve
0010: 72 69 73 69 67 6E 2E 63   6F 6D 2F 72 70 61        risign.com/rpa

]]  ]
]

[7]: ObjectId: 2.5.29.37 Criticality=false
ExtendedKeyUsages [
  serverAuth
  clientAuth
]

[8]: ObjectId: 2.5.29.15 Criticality=false
KeyUsage [
  DigitalSignature
  Key_Encipherment
]

]
  Algorithm: [SHA1withRSA]
  Signature:
0000: 4F 1A 25 26 FA 50 F2 AC   44 09 35 ED E5 44 C6 F2  O.%&.P..D.5..D..
0010: D9 ED D9 33 E7 6F 61 95   DB AA D9 7A CC 66 49 E2  ...3.oa....z.fI.
0020: 92 63 A1 DA F4 90 45 67   A3 4B C9 FA 96 17 D9 8E  .c....Eg.K......
0030: C0 D9 00 F2 F1 BC EE DF   E9 93 1A DA C8 C3 D1 4D  ...............M
0040: F6 1A 8D EE 4F 77 E7 BE   8E 55 A1 1F 4F B1 6C B8  ....Ow...U..O.l.
0050: 64 3E D3 81 4E E3 9F 29   D7 50 63 2B FE D5 7D DB  d>..N..).Pc+....
0060: C8 DE E4 53 33 2A A0 1B   86 35 2F 1F C7 32 97 DB  ...S3*...5/..2..
0070: 2A 4E D8 56 A1 19 FC 17   FB FC D7 1D A0 F4 68 17  *N.V..........h.
0080: C9 28 BD 04 1A DC DB C2   E0 24 2B E9 75 EE 80 8D  .(.......$+.u...
0090: 0E 62 B2 23 8A DB AA 43   AA AC F8 AC 48 7D 97 BF  .b.#...C....H...
00A0: AA 73 49 58 75 52 7D 6C   20 AC 65 99 78 15 B3 53  .sIXuR.l .e.x..S
00B0: 34 20 A5 C1 BF FE 7C E3   7B E1 B1 1F AD 2C DD 8A  4 ...........,..
00C0: AB AD E4 23 D5 94 96 F6   37 1D AB 49 EC 77 2D 0E  ...#....7..I.w-.
00D0: 2E B9 4C 03 03 A0 D0 21   92 71 FF FC CD 3E 3C 20  ..L....!.q...>< 
00E0: 04 0D 31 98 7A DA BA 3D   FE 2F BA 3C 2B ED 98 A6  ..1.z..=./.<+...
00F0: 88 43 37 5E A3 21 CC 23   5A 7E 47 BD C6 85 7A 72  .C7^.!.#Z.G...zr

] [2013-01-18 23:04:12,601]
DEBUG com.paypal.sdk.core.nvp.NVPSSLSocketFactory:http-bio-8082-exec-9 (NVPSSLSocketFactory.java:140) - X509Certificate[1]=[
[
  Version: V3
  Subject: CN=VeriSign Class 3 Secure Server CA - G3, OU=Terms of use at https://www.verisign.com/rpa (c)10, OU=VeriSign Trust Network, O="VeriSign, Inc.", C=US
  Signature Algorithm: SHA1withRSA, OID = 1.2.840.113549.1.1.5

  Key:  Sun RSA public key, 2048 bits
  modulus: 22411005463250430768975544771537504086091970713231457803700379366569155476314174242006108670275412015194990074334376939117850507339258912911174466278726261292301706146623597749961375316532369938119367454499998455155250760140317157482677834768763563366601909054978280443303435267557756819033927794566052512042789618460853713088346872602867464728237477437347292544343177126323293366631209826201863631131895103855437912324646836590500848819646405403630792258555949496866715911534884767019353100747150607575477690907495603868598549383145813123895282542223759660320452802819748399481784306009874185637437390748951415552527
  public exponent: 65537
  Validity: [From: Sun Feb 07 16:00:00 PST 2010,
               To: Fri Feb 07 15:59:59 PST 2020]
  Issuer: CN=VeriSign Class 3 Public Primary Certification Authority - G5, OU="(c) 2006 VeriSign, Inc. - For authorized use only", OU=VeriSign Trust Network, O="VeriSign, Inc.", C=US
  SerialNumber: [    6ecc7aa5 a7032009 b8cebcf4 e952d491]

Certificate Extensions: 9
[1]: ObjectId: 1.3.6.1.5.5.7.1.12 Criticality=false
Extension unknown: DER encoded OCTET string =
0000: 04 61 30 5F A1 5D A0 5B   30 59 30 57 30 55 16 09  .a0_.].[0Y0W0U..
0010: 69 6D 61 67 65 2F 67 69   66 30 21 30 1F 30 07 06  image/gif0!0.0..
0020: 05 2B 0E 03 02 1A 04 14   8F E5 D3 1A 86 AC 8D 8E  .+..............
0030: 6B C3 CF 80 6A D4 48 18   2C 7B 19 2E 30 25 16 23  k...j.H.,...0%.#
0040: 68 74 74 70 3A 2F 2F 6C   6F 67 6F 2E 76 65 72 69  http://logo.veri
0050: 73 69 67 6E 2E 63 6F 6D   2F 76 73 6C 6F 67 6F 2E  sign.com/vslogo.
0060: 67 69 66                                           gif


[2]: ObjectId: 1.3.6.1.5.5.7.1.1 Criticality=false
AuthorityInfoAccess [
  [
   accessMethod: ocsp
   accessLocation: URIName: http://ocsp.verisign.com
]
]

[3]: ObjectId: 2.5.29.35 Criticality=false
AuthorityKeyIdentifier [
KeyIdentifier [
0000: 7F D3 65 A7 C2 DD EC BB   F0 30 09 F3 43 39 FA 02  ..e......0..C9..
0010: AF 33 31 33                                        .313
]
]

[4]: ObjectId: 2.5.29.19 Criticality=true
BasicConstraints:[
  CA:true
  PathLen:0
]

[5]: ObjectId: 2.5.29.31 Criticality=false
CRLDistributionPoints [
  [DistributionPoint:
     [URIName: http://crl.verisign.com/pca3-g5.crl]
]]

[6]: ObjectId: 2.5.29.32 Criticality=false
CertificatePolicies [
  [CertificatePolicyId: [2.16.840.1.113733.1.7.23.3]
[PolicyQualifierInfo: [
  qualifierID: 1.3.6.1.5.5.7.2.1
  qualifier: 0000: 16 1C 68 74 74 70 73 3A   2F 2F 77 77 77 2E 76 65  ..https://www.ve
0010: 72 69 73 69 67 6E 2E 63   6F 6D 2F 63 70 73        risign.com/cps

], PolicyQualifierInfo: [
  qualifierID: 1.3.6.1.5.5.7.2.2
  qualifier: 0000: 30 1E 1A 1C 68 74 74 70   73 3A 2F 2F 77 77 77 2E  0...https://www.
0010: 76 65 72 69 73 69 67 6E   2E 63 6F 6D 2F 72 70 61  verisign.com/rpa

]]  ]
]

[7]: ObjectId: 2.5.29.15 Criticality=true
KeyUsage [
  Key_CertSign
  Crl_Sign
]

[8]: ObjectId: 2.5.29.17 Criticality=false
SubjectAlternativeName [
  CN=VeriSignMPKI-2-6
]

[9]: ObjectId: 2.5.29.14 Criticality=false
SubjectKeyIdentifier [
KeyIdentifier [
0000: 0D 44 5C 16 53 44 C1 82   7E 1D 20 AB 25 F4 01 63  .D\.SD.... .%..c
0010: D8 BE 79 A5                                        ..y.
]
]

]
  Algorithm: [SHA1withRSA]
  Signature:
0000: 0C 83 24 EF DD C3 0C D9   58 9C FE 36 B6 EB 8A 80  ..$.....X..6....
0010: 4B D1 A3 F7 9D F3 CC 53   EF 82 9E A3 A1 E6 97 C1  K......S........
0020: 58 9D 75 6C E0 1D 1B 4C   FA D1 C1 2D 05 C0 EA 6E  X.ul...L...-...n
0030: B2 22 70 55 D9 20 33 40   33 07 C2 65 83 FA 8F 43  ."pU. 3@3..e...C
0040: 37 9B EA 0E 9A 6C 70 EE   F6 9C 80 3B D9 37 F4 7A  7....lp....;.7.z
0050: 6D EC D0 18 7D 49 4A CA   99 C7 19 28 A2 BE D8 77  m....IJ....(...w
0060: 24 F7 85 26 86 6D 87 05   40 41 67 D1 27 3A ED DC  $..&.m..@Ag.':..
0070: 48 1D 22 CD 0B 0B 8B BC   F4 B1 7B FD B4 99 A8 E9  H.".............
0080: 76 2A E1 1A 2D 87 6E 74   D3 88 DD 1E 22 C6 DF 16  v*..-.nt...."...
0090: B6 2B 82 14 0A 94 5C F2   50 EC AF CE FF 62 37 0D  .+....\.P....b7.
00A0: AD 65 D3 06 41 53 ED 02   14 C8 B5 58 28 A1 AC E0  .e..AS.....X(...
00B0: 5B EC B3 7F 95 4A FB 03   C8 AD 26 DB E6 66 78 12  [....J....&..fx.
00C0: 4A D9 9F 42 FB E1 98 E6   42 83 9B 8F 8F 67 24 E8  J..B....B....g$.
00D0: 61 19 B5 DD CD B5 0B 26   05 8E C3 6E C4 C8 75 B8  a......&...n..u.
00E0: 46 CF E2 18 06 5E A9 AE   A8 81 9A 47 16 DE 0C 28  F....^.....G...(
00F0: 6C 25 27 B9 DE B7 84 58   C6 1F 38 1E A4 C4 CB 66  l%'....X..8....f

] [2013-01-18 23:04:12,606]
DEBUG com.paypal.sdk.core.nvp.NVPSSLSocketFactory:http-bio-8082-exec-9 (NVPSSLSocketFactory.java:140) - X509Certificate[2]=[
[
  Version: V3
  Subject: CN=VeriSign Class 3 Public Primary Certification Authority - G5, OU="(c) 2006 VeriSign, Inc. - For authorized use only", OU=VeriSign Trust Network, O="VeriSign, Inc.", C=US
  Signature Algorithm: SHA1withRSA, OID = 1.2.840.113549.1.1.5

  Key:  Sun RSA public key, 2048 bits
  modulus: 22109471102059671383796642714942393631149792360856487955190294587841800871022486252652612163196360832938367608763978013876844944237576704237206902072810376180366897841695320192789360300658269712766474225042097261456189264772686300705672328691871464945536513831768596383894122798581104077921511815271705394605095257256954381366139644740877956016759414080557948459417160074173313082409422023967584984099389949088073277478112907997447136173994433125025479812790590943737038696590266840534396683337181295383175344548120097700121250428676269067140626584500149856482388498317203907790209503513966223821253856296202557465877
  public exponent: 65537
  Validity: [From: Tue Nov 07 16:00:00 PST 2006,
               To: Sun Nov 07 15:59:59 PST 2021]
  Issuer: OU=Class 3 Public Primary Certification Authority, O="VeriSign, Inc.", C=US
  SerialNumber: [    250ce8e0 30612e9f 2b89f705 4d7cf8fd]

Certificate Extensions: 8
[1]: ObjectId: 1.3.6.1.5.5.7.1.12 Criticality=false
Extension unknown: DER encoded OCTET string =
0000: 04 61 30 5F A1 5D A0 5B   30 59 30 57 30 55 16 09  .a0_.].[0Y0W0U..
0010: 69 6D 61 67 65 2F 67 69   66 30 21 30 1F 30 07 06  image/gif0!0.0..
0020: 05 2B 0E 03 02 1A 04 14   8F E5 D3 1A 86 AC 8D 8E  .+..............
0030: 6B C3 CF 80 6A D4 48 18   2C 7B 19 2E 30 25 16 23  k...j.H.,...0%.#
0040: 68 74 74 70 3A 2F 2F 6C   6F 67 6F 2E 76 65 72 69  http://logo.veri
0050: 73 69 67 6E 2E 63 6F 6D   2F 76 73 6C 6F 67 6F 2E  sign.com/vslogo.
0060: 67 69 66                                           gif


[2]: ObjectId: 1.3.6.1.5.5.7.1.1 Criticality=false
AuthorityInfoAccess [
  [
   accessMethod: ocsp
   accessLocation: URIName: http://ocsp.verisign.com
]
]

[3]: ObjectId: 2.5.29.19 Criticality=true
BasicConstraints:[
  CA:true
  PathLen:2147483647
]

[4]: ObjectId: 2.5.29.31 Criticality=false
CRLDistributionPoints [
  [DistributionPoint:
     [URIName: http://crl.verisign.com/pca3.crl]
]]

[5]: ObjectId: 2.5.29.32 Criticality=false
CertificatePolicies [
  [CertificatePolicyId: [2.5.29.32.0]
[PolicyQualifierInfo: [
  qualifierID: 1.3.6.1.5.5.7.2.1
  qualifier: 0000: 16 1C 68 74 74 70 73 3A   2F 2F 77 77 77 2E 76 65  ..https://www.ve
0010: 72 69 73 69 67 6E 2E 63   6F 6D 2F 63 70 73        risign.com/cps

]]  ]
]

[6]: ObjectId: 2.5.29.37 Criticality=false
ExtendedKeyUsages [
  serverAuth
  clientAuth
  codeSigning
  2.16.840.1.113730.4.1
  2.16.840.1.113733.1.8.1
]

[7]: ObjectId: 2.5.29.15 Criticality=true
KeyUsage [
  Key_CertSign
  Crl_Sign
]

[8]: ObjectId: 2.5.29.14 Criticality=false
SubjectKeyIdentifier [
KeyIdentifier [
0000: 7F D3 65 A7 C2 DD EC BB   F0 30 09 F3 43 39 FA 02  ..e......0..C9..
0010: AF 33 31 33                                        .313
]
]

]
  Algorithm: [SHA1withRSA]
  Signature:
0000: 13 02 DD F8 E8 86 00 F2   5A F8 F8 20 0C 59 88 62  ........Z.. .Y.b
0010: 07 CE CE F7 4E F9 BB 59   A1 98 E5 E1 38 DD 4E BC  ....N..Y....8.N.
0020: 66 18 D3 AD EB 18 F2 0D   C9 6D 3E 4A 94 20 C3 3C  f........m>J. .<
0030: BA BD 65 54 C6 AF 44 B3   10 AD 2C 6B 3E AB D7 07  ..eT..D...,k>...
0040: B6 B8 81 63 C5 F9 5E 2E   E5 2A 67 CE CD 33 0C 2A  ...c..^..*g..3.*
0050: D7 89 56 03 23 1F B3 BE   E8 3A 08 59 B4 EC 45 35  ..V.#....:.Y..E5
0060: F7 8A 5B FF 66 CF 50 AF   C6 6D 57 8D 19 78 B7 B9  ..[.f.P..mW..x..
0070: A2 D1 57 EA 1F 9A 4B AF   BA C9 8E 12 7E C6 BD FF  ..W...K.........

] [2013-01-18 23:04:12,609]
DEBUG com.paypal.sdk.core.nvp.NVPSSLSocketFactory:http-bio-8082-exec-9 (NVPSSLSocketFactory.java:147) - Target hostname valid: api-3t.sandbox.paypal.com [2013-01-18 23:04:12,609]
DEBUG org.apache.commons.httpclient.HttpMethodBase:http-bio-8082-exec-9 (HttpMethodBase.java:976) - enter HttpMethodBase.execute(HttpState, HttpConnection) [2013-01-18 23:04:12,610]
DEBUG org.apache.commons.httpclient.HttpMethodBase:http-bio-8082-exec-9 (HttpMethodBase.java:1916) - enter HttpMethodBase.writeRequest(HttpState, HttpConnection) [2013-01-18 23:04:12,610]
DEBUG org.apache.commons.httpclient.HttpMethodBase:http-bio-8082-exec-9 (HttpMethodBase.java:2071) - enter HttpMethodBase.writeRequestLine(HttpState, HttpConnection) [2013-01-18 23:04:12,610]
DEBUG org.apache.commons.httpclient.HttpMethodBase:http-bio-8082-exec-9 (HttpMethodBase.java:1379) - enter HttpMethodBase.generateRequestLine(HttpConnection, String, String, String, String) [2013-01-18 23:04:12,610]
DEBUG httpclient.wire.header:http-bio-8082-exec-9 (Wire.java:69) - >> "POST /nvp HTTP/1.1[\r][\n]" [2013-01-18 23:04:12,612]
DEBUG org.apache.commons.httpclient.HttpConnection:http-bio-8082-exec-9 (HttpConnection.java:1031) - enter HttpConnection.print(String) [2013-01-18 23:04:12,612]
DEBUG org.apache.commons.httpclient.HttpConnection:http-bio-8082-exec-9 (HttpConnection.java:941) - enter HttpConnection.write(byte[]) [2013-01-18 23:04:12,612]
DEBUG org.apache.commons.httpclient.HttpConnection:http-bio-8082-exec-9 (HttpConnection.java:962) - enter HttpConnection.write(byte[], int, int) [2013-01-18 23:04:12,612]
DEBUG org.apache.commons.httpclient.HttpMethodBase:http-bio-8082-exec-9 (HttpMethodBase.java:2034) - enter HttpMethodBase.writeRequestHeaders(HttpState,HttpConnection) [2013-01-18 23:04:12,613]
DEBUG org.apache.commons.httpclient.methods.EntityEnclosingMethod:http-bio-8082-exec-9 (EntityEnclosingMethod.java:366) - enter EntityEnclosingMethod.addRequestHeaders(HttpState, HttpConnection) [2013-01-18 23:04:12,613]
DEBUG org.apache.commons.httpclient.methods.ExpectContinueMethod:http-bio-8082-exec-9 (ExpectContinueMethod.java:182) - enter ExpectContinueMethod.addRequestHeaders(HttpState, HttpConnection) [2013-01-18 23:04:12,613]
DEBUG org.apache.commons.httpclient.HttpMethodBase:http-bio-8082-exec-9 (HttpMethodBase.java:1300) - enter HttpMethodBase.addRequestHeaders(HttpState, HttpConnection) [2013-01-18 23:04:12,613]
DEBUG org.apache.commons.httpclient.HttpMethodBase:http-bio-8082-exec-9 (HttpMethodBase.java:1325) - enter HttpMethodBase.addUserAgentRequestHeaders(HttpState, HttpConnection) [2013-01-18 23:04:12,614]
DEBUG org.apache.commons.httpclient.HttpMethodBase:http-bio-8082-exec-9 (HttpMethodBase.java:1211) - enter HttpMethodBase.addHostRequestHeader(HttpState, HttpConnection) [2013-01-18 23:04:12,614]
DEBUG org.apache.commons.httpclient.HttpMethodBase:http-bio-8082-exec-9 (HttpMethodBase.java:1235) - Adding Host request header [2013-01-18 23:04:12,614]
DEBUG org.apache.commons.httpclient.HttpMethodBase:http-bio-8082-exec-9 (HttpMethodBase.java:1163) - enter HttpMethodBase.addCookieRequestHeader(HttpState, HttpConnection) [2013-01-18 23:04:12,614]
DEBUG org.apache.commons.httpclient.HttpState:http-bio-8082-exec-9 (HttpState.java:172) - enter HttpState.getCookies() [2013-01-18 23:04:12,623]
DEBUG org.apache.commons.httpclient.cookie.CookieSpec:http-bio-8082-exec-9 (CookieSpecBase.java:548) - enter CookieSpecBase.match(String, int, String, boolean, Cookie[]) [2013-01-18 23:04:12,623]
DEBUG org.apache.commons.httpclient.HttpMethodBase:http-bio-8082-exec-9 (HttpMethodBase.java:1262) - enter HttpMethodBase.addProxyConnectionHeader(HttpState, HttpConnection) [2013-01-18 23:04:12,623]
DEBUG org.apache.commons.httpclient.methods.EntityEnclosingMethod:http-bio-8082-exec-9 (EntityEnclosingMethod.java:397) - enter EntityEnclosingMethod.addContentLengthRequestHeader(HttpState, HttpConnection) [2013-01-18 23:04:12,624]
DEBUG org.apache.commons.httpclient.methods.EntityEnclosingMethod:http-bio-8082-exec-9 (EntityEnclosingMethod.java:321) - enter EntityEnclosingMethod.getRequestContentLength() [2013-01-18 23:04:12,624]
DEBUG org.apache.commons.httpclient.methods.PostMethod:http-bio-8082-exec-9 (PostMethod.java:134) - enter PostMethod.hasRequestContent() [2013-01-18 23:04:12,624]
DEBUG org.apache.commons.httpclient.methods.EntityEnclosingMethod:http-bio-8082-exec-9 (EntityEnclosingMethod.java:134) - enter EntityEnclosingMethod.hasRequestContent() [2013-01-18 23:04:12,624]
DEBUG org.apache.commons.httpclient.HttpMethodBase:http-bio-8082-exec-9 (HttpMethodBase.java:382) - HttpMethodBase.addRequestHeader(Header) [2013-01-18 23:04:12,625]
DEBUG org.apache.commons.httpclient.methods.EntityEnclosingMethod:http-bio-8082-exec-9 (EntityEnclosingMethod.java:167) - enter EntityEnclosingMethod.renerateRequestBody() [2013-01-18 23:04:12,625]
DEBUG httpclient.wire.header:http-bio-8082-exec-9 (Wire.java:69) - >> "User-Agent: Jakarta Commons-HttpClient/3.0.1[\r][\n]" [2013-01-18 23:04:12,625]
DEBUG org.apache.commons.httpclient.HttpConnection:http-bio-8082-exec-9 (HttpConnection.java:1031) - enter HttpConnection.print(String) [2013-01-18 23:04:12,625]
DEBUG org.apache.commons.httpclient.HttpConnection:http-bio-8082-exec-9 (HttpConnection.java:941) - enter HttpConnection.write(byte[]) [2013-01-18 23:04:12,625]
DEBUG org.apache.commons.httpclient.HttpConnection:http-bio-8082-exec-9 (HttpConnection.java:962) - enter HttpConnection.write(byte[], int, int) [2013-01-18 23:04:12,626]
DEBUG httpclient.wire.header:http-bio-8082-exec-9 (Wire.java:69) - >> "Host: api-3t.sandbox.paypal.com[\r][\n]" [2013-01-18 23:04:12,626]
DEBUG org.apache.commons.httpclient.HttpConnection:http-bio-8082-exec-9 (HttpConnection.java:1031) - enter HttpConnection.print(String) [2013-01-18 23:04:12,626]
DEBUG org.apache.commons.httpclient.HttpConnection:http-bio-8082-exec-9 (HttpConnection.java:941) - enter HttpConnection.write(byte[]) [2013-01-18 23:04:12,626]
DEBUG org.apache.commons.httpclient.HttpConnection:http-bio-8082-exec-9 (HttpConnection.java:962) - enter HttpConnection.write(byte[], int, int) [2013-01-18 23:04:12,626]
DEBUG httpclient.wire.header:http-bio-8082-exec-9 (Wire.java:69) - >> "Content-Length: 793[\r][\n]" [2013-01-18 23:04:12,627]
DEBUG org.apache.commons.httpclient.HttpConnection:http-bio-8082-exec-9 (HttpConnection.java:1031) - enter HttpConnection.print(String) [2013-01-18 23:04:12,627]
DEBUG org.apache.commons.httpclient.HttpConnection:http-bio-8082-exec-9 (HttpConnection.java:941) - enter HttpConnection.write(byte[]) [2013-01-18 23:04:12,627]
DEBUG org.apache.commons.httpclient.HttpConnection:http-bio-8082-exec-9 (HttpConnection.java:962) - enter HttpConnection.write(byte[], int, int) [2013-01-18 23:04:12,627]
DEBUG httpclient.wire.header:http-bio-8082-exec-9 (Wire.java:69) - >> "Content-Type: text/html; charset=UTF-8[\r][\n]" [2013-01-18 23:04:12,627]
DEBUG org.apache.commons.httpclient.HttpConnection:http-bio-8082-exec-9 (HttpConnection.java:1031) - enter HttpConnection.print(String) [2013-01-18 23:04:12,628]
DEBUG org.apache.commons.httpclient.HttpConnection:http-bio-8082-exec-9 (HttpConnection.java:941) - enter HttpConnection.write(byte[]) [2013-01-18 23:04:12,628]
DEBUG org.apache.commons.httpclient.HttpConnection:http-bio-8082-exec-9 (HttpConnection.java:962) - enter HttpConnection.write(byte[], int, int) [2013-01-18 23:04:12,628]
DEBUG org.apache.commons.httpclient.HttpConnection:http-bio-8082-exec-9 (HttpConnection.java:1000) - enter HttpConnection.writeLine() [2013-01-18 23:04:12,628]
DEBUG org.apache.commons.httpclient.HttpConnection:http-bio-8082-exec-9 (HttpConnection.java:941) - enter HttpConnection.write(byte[]) [2013-01-18 23:04:12,628]
DEBUG org.apache.commons.httpclient.HttpConnection:http-bio-8082-exec-9 (HttpConnection.java:962) - enter HttpConnection.write(byte[], int, int) [2013-01-18 23:04:12,629]
DEBUG httpclient.wire.header:http-bio-8082-exec-9 (Wire.java:69) - >> "[\r][\n]" [2013-01-18 23:04:12,629]
DEBUG org.apache.commons.httpclient.methods.EntityEnclosingMethod:http-bio-8082-exec-9 (EntityEnclosingMethod.java:465) - enter EntityEnclosingMethod.writeRequestBody(HttpState, HttpConnection) [2013-01-18 23:04:12,629]
DEBUG org.apache.commons.httpclient.methods.PostMethod:http-bio-8082-exec-9 (PostMethod.java:134) - enter PostMethod.hasRequestContent() [2013-01-18 23:04:12,629]
DEBUG org.apache.commons.httpclient.methods.EntityEnclosingMethod:http-bio-8082-exec-9 (EntityEnclosingMethod.java:134) - enter EntityEnclosingMethod.hasRequestContent() [2013-01-18 23:04:12,629]
DEBUG org.apache.commons.httpclient.methods.EntityEnclosingMethod:http-bio-8082-exec-9 (EntityEnclosingMethod.java:321) - enter EntityEnclosingMethod.getRequestContentLength() [2013-01-18 23:04:12,630]
DEBUG org.apache.commons.httpclient.methods.PostMethod:http-bio-8082-exec-9 (PostMethod.java:134) - enter PostMethod.hasRequestContent() [2013-01-18 23:04:12,630]
DEBUG org.apache.commons.httpclient.methods.EntityEnclosingMethod:http-bio-8082-exec-9 (EntityEnclosingMethod.java:134) - enter EntityEnclosingMethod.hasRequestContent() [2013-01-18 23:04:12,630]
DEBUG org.apache.commons.httpclient.HttpConnection:http-bio-8082-exec-9 (HttpConnection.java:839) - enter HttpConnection.getRequestOutputStream() [2013-01-18 23:04:12,630]
DEBUG httpclient.wire.content:http-bio-8082-exec-9 (Wire.java:83) - >> "CANCELURL=http%3A%2F%2Flocalhost%3A8082%2FTCNUCI%2Fpaypal%2FCancel.jsp&ALLOWNOTE=1&NOSHIPPING=1&PAYMENTREQUEST_0_PAYMENTACTION=Sale&SOLUTIONTYPE=Sole&RETURNURL=http%3A%2F%2Flocalhost%3A8082%2FTCNUCI%2Fpaypal%2FConfirm&L_PAYMENTREQUEST_0_NAME0=Thai+Culture+Night+2013&PAYMENTREQUEST_n_INVNUM=123456&PAYMENTREQUEST_0_INVNUM=123456&L_PAYMENTREQUEST_0_AMT0=15&ADDROVERRIDE=0&VERSION=84.0&PAYMENTREQUEST_0_ITEMAMT=75&L_PAYMENTREQUEST_0_DESC0=Ticket+Description&LANDINGPAGE=Billing&L_PAYMENTREQUEST_0_QTY0=5&EMAIL=buyer_1356826305_per%40uci.edu&METHOD=SetExpressCheckout&PAYMENTREQUEST_0_AMT=75&REQCONFIRMSHIPPING=0&PAYMENTREQUEST_0_CURRENCYCODE=USD&PWD=1356826366&SOURCE=PAYPAL_JAVA_SDK_92.0&SIGNATURE=AguvEfY8t-dnOlacsrR2eaUEPu1QACIo4MBdKQQEWRaZVzG.914xzmIm&USER=seller_1356826347_biz_api1.uci.edu" [2013-01-18 23:04:12,631]
DEBUG org.apache.commons.httpclient.methods.EntityEnclosingMethod:http-bio-8082-exec-9 (EntityEnclosingMethod.java:504) - Request body sent [2013-01-18 23:04:12,632]
DEBUG org.apache.commons.httpclient.HttpConnection:http-bio-8082-exec-9 (HttpConnection.java:825) - enter HttpConnection.flushRequestOutputStream() [2013-01-18 23:04:12,632]
DEBUG org.apache.commons.httpclient.HttpMethodBase:http-bio-8082-exec-9 (HttpMethodBase.java:1585) - enter HttpMethodBase.readResponse(HttpState, HttpConnection) [2013-01-18 23:04:12,632]
DEBUG org.apache.commons.httpclient.HttpMethodBase:http-bio-8082-exec-9 (HttpMethodBase.java:1823) - enter HttpMethodBase.readStatusLine(HttpState, HttpConnection) [2013-01-18 23:04:12,632]
DEBUG org.apache.commons.httpclient.HttpConnection:http-bio-8082-exec-9 (HttpConnection.java:1112) - enter HttpConnection.readLine() [2013-01-18 23:04:12,633]
DEBUG org.apache.commons.httpclient.HttpParser:http-bio-8082-exec-9 (HttpParser.java:104) - enter HttpParser.readLine(InputStream, String) [2013-01-18 23:04:12,634]
DEBUG org.apache.commons.httpclient.HttpParser:http-bio-8082-exec-9 (HttpParser.java:73) - enter HttpParser.readRawLine() [2013-01-18 23:04:12,634]
DEBUG httpclient.wire.header:http-bio-8082-exec-9 (Wire.java:69) - << "HTTP/1.1 200 OK[\r][\n]" [2013-01-18 23:04:13,455]
DEBUG org.apache.commons.httpclient.HttpMethodBase:http-bio-8082-exec-9 (HttpMethodBase.java:1785) - enter HttpMethodBase.readResponseHeaders(HttpState,HttpConnection) [2013-01-18 23:04:13,457]
DEBUG org.apache.commons.httpclient.HttpConnection:http-bio-8082-exec-9 (HttpConnection.java:856) - enter HttpConnection.getResponseInputStream() [2013-01-18 23:04:13,458]
DEBUG org.apache.commons.httpclient.HttpParser:http-bio-8082-exec-9 (HttpParser.java:159) - enter HeaderParser.parseHeaders(InputStream, String) [2013-01-18 23:04:13,458]
DEBUG org.apache.commons.httpclient.HttpParser:http-bio-8082-exec-9 (HttpParser.java:104) - enter HttpParser.readLine(InputStream, String) [2013-01-18 23:04:13,458]
DEBUG org.apache.commons.httpclient.HttpParser:http-bio-8082-exec-9 (HttpParser.java:73) - enter HttpParser.readRawLine() [2013-01-18 23:04:13,458]
DEBUG org.apache.commons.httpclient.HttpParser:http-bio-8082-exec-9 (HttpParser.java:104) - enter HttpParser.readLine(InputStream, String) [2013-01-18 23:04:13,459]
DEBUG org.apache.commons.httpclient.HttpParser:http-bio-8082-exec-9 (HttpParser.java:73) - enter HttpParser.readRawLine() [2013-01-18 23:04:13,459]
DEBUG org.apache.commons.httpclient.HttpParser:http-bio-8082-exec-9 (HttpParser.java:104) - enter HttpParser.readLine(InputStream, String) [2013-01-18 23:04:13,459]
DEBUG org.apache.commons.httpclient.HttpParser:http-bio-8082-exec-9 (HttpParser.java:73) - enter HttpParser.readRawLine() [2013-01-18 23:04:13,460]
DEBUG org.apache.commons.httpclient.HttpParser:http-bio-8082-exec-9 (HttpParser.java:104) - enter HttpParser.readLine(InputStream, String) [2013-01-18 23:04:13,460]
DEBUG org.apache.commons.httpclient.HttpParser:http-bio-8082-exec-9 (HttpParser.java:73) - enter HttpParser.readRawLine() [2013-01-18 23:04:13,460]
DEBUG org.apache.commons.httpclient.HttpParser:http-bio-8082-exec-9 (HttpParser.java:104) - enter HttpParser.readLine(InputStream, String) [2013-01-18 23:04:13,460]
DEBUG org.apache.commons.httpclient.HttpParser:http-bio-8082-exec-9 (HttpParser.java:73) - enter HttpParser.readRawLine() [2013-01-18 23:04:13,461]
DEBUG org.apache.commons.httpclient.HttpParser:http-bio-8082-exec-9 (HttpParser.java:104) - enter HttpParser.readLine(InputStream, String) [2013-01-18 23:04:13,461]
DEBUG org.apache.commons.httpclient.HttpParser:http-bio-8082-exec-9 (HttpParser.java:73) - enter HttpParser.readRawLine() [2013-01-18 23:04:13,461]
DEBUG httpclient.wire.header:http-bio-8082-exec-9 (Wire.java:69) - << "Date: Sat, 19 Jan 2013 07:04:11 GMT[\r][\n]" [2013-01-18 23:04:13,462]
DEBUG httpclient.wire.header:http-bio-8082-exec-9 (Wire.java:69) - << "Server: Apache[\r][\n]" [2013-01-18 23:04:13,462]
DEBUG httpclient.wire.header:http-bio-8082-exec-9 (Wire.java:69) - << "Content-Length: 136[\r][\n]" [2013-01-18 23:04:13,462]
DEBUG httpclient.wire.header:http-bio-8082-exec-9 (Wire.java:69) - << "Connection: close[\r][\n]" [2013-01-18 23:04:13,462]
DEBUG httpclient.wire.header:http-bio-8082-exec-9 (Wire.java:69) - << "Content-Type: text/plain; charset=utf-8[\r][\n]" [2013-01-18 23:04:13,463]
DEBUG org.apache.commons.httpclient.HttpMethodBase:http-bio-8082-exec-9 (HttpMethodBase.java:1462) - enter HttpMethodBase.processResponseHeaders(HttpState, HttpConnection) [2013-01-18 23:04:13,463]
DEBUG org.apache.commons.httpclient.HttpMethodBase:http-bio-8082-exec-9 (HttpMethodBase.java:1636) - enter HttpMethodBase.readResponseBody(HttpState, HttpConnection) [2013-01-18 23:04:13,463]
DEBUG org.apache.commons.httpclient.HttpMethodBase:http-bio-8082-exec-9 (HttpMethodBase.java:1671) - enter HttpMethodBase.readResponseBody(HttpConnection) [2013-01-18 23:04:13,464]
DEBUG org.apache.commons.httpclient.HttpConnection:http-bio-8082-exec-9 (HttpConnection.java:856) - enter HttpConnection.getResponseInputStream() [2013-01-18 23:04:13,464]
DEBUG org.apache.commons.httpclient.HttpMethodBase:http-bio-8082-exec-9 (HttpMethodBase.java:2140) - enter HttpMethodBase.canResponseHaveBody(int) [2013-01-18 23:04:13,464]
DEBUG org.apache.commons.httpclient.HttpMethodBase:http-bio-8082-exec-9 (HttpMethodBase.java:679) - Buffering response body [2013-01-18 23:04:13,466]
DEBUG httpclient.wire.content:http-bio-8082-exec-9 (Wire.java:83) - << "TOKEN=EC%2d9HX39646RW801930G&TIMESTAMP=2013%2d01%2d19T07%3a04%3a12Z&CORRELATIONID=61c2e9daf3494&ACK=Success&VERSION=84%2e0&BUILD=4181146" [2013-01-18 23:04:13,467]
DEBUG org.apache.commons.httpclient.HttpMethodBase:http-bio-8082-exec-9 (HttpMethodBase.java:905) - Should close connection in response to directive: close [2013-01-18 23:04:13,468]
DEBUG org.apache.commons.httpclient.HttpConnection:http-bio-8082-exec-9 (HttpConnection.java:1147) - enter HttpConnection.close() [2013-01-18 23:04:13,469]
DEBUG org.apache.commons.httpclient.HttpConnection:http-bio-8082-exec-9 (HttpConnection.java:1214) - enter HttpConnection.closeSockedAndStreams() [2013-01-18 23:04:13,469]
DEBUG org.apache.commons.httpclient.HttpConnection:http-bio-8082-exec-9 (HttpConnection.java:1173) - enter HttpConnection.releaseConnection() [2013-01-18 23:04:13,469]
DEBUG org.apache.commons.httpclient.HttpConnection:http-bio-8082-exec-9 (HttpConnection.java:1177) - Releasing connection back to connection manager. [2013-01-18 23:04:13,470]
DEBUG org.apache.commons.httpclient.HttpMethodBase:http-bio-8082-exec-9 (HttpMethodBase.java:2183) - enter getContentCharSet( Header contentheader ) [2013-01-18 23:04:13,470]
DEBUG org.apache.commons.httpclient.HeaderElement:http-bio-8082-exec-9 (HeaderElement.java:237) - enter HeaderElement.parseElements(String) [2013-01-18 23:04:13,470]
DEBUG org.apache.commons.httpclient.HeaderElement:http-bio-8082-exec-9 (HeaderElement.java:193) - enter HeaderElement.parseElements(char[]) [2013-01-18 23:04:13,471]
DEBUG org.apache.commons.httpclient.HeaderElement:http-bio-8082-exec-9 (HeaderElement.java:278) - enter HeaderElement.getParameterByName(String) [2013-01-18 23:04:13,471]
 INFO com.paypal.sdk.core.nvp.NVPAPICaller:http-bio-8082-exec-9 (NVPAPICaller.java:372) - TOKEN=EC%2d9HX39646RW801930G&TIMESTAMP=2013%2d01%2d19T07%3a04%3a12Z&CORRELATIONID=61c2e9daf3494&ACK=Success&VERSION=84%2e0&BUILD=4181146 Ack : 200  Elapsed Time : 1,379 ms [2013-01-18 23:04:13,471]
 INFO com.paypal.sdk.core.APICallerBase:http-bio-8082-exec-6 (APICallerBase.java:159) - Proxy configuration file not found. Looks like proxy not being used.  [2013-01-18 23:05:34,671]
DEBUG com.paypal.sdk.core.EndpointsReader:http-bio-8082-exec-6 (EndpointsReader.java:98) - Found endpoint URL : live/PayPalAPI/92.0=https://api.paypal.com/nvp [2013-01-18 23:05:34,760]
DEBUG com.paypal.sdk.core.EndpointsReader:http-bio-8082-exec-6 (EndpointsReader.java:98) - Found endpoint URL : live/PayPalAPIAA/92.0=https://api-aa.paypal.com/nvp [2013-01-18 23:05:34,760]
DEBUG com.paypal.sdk.core.EndpointsReader:http-bio-8082-exec-6 (EndpointsReader.java:98) - Found endpoint URL : live/PayPalAPI-threetoken/92.0=https://api-3t.paypal.com/nvp [2013-01-18 23:05:34,761]
DEBUG com.paypal.sdk.core.EndpointsReader:http-bio-8082-exec-6 (EndpointsReader.java:98) - Found endpoint URL : live/PayPalAPIAA-threetoken/92.0=https://api-aa-3t.paypal.com/nvp [2013-01-18 23:05:34,764]
DEBUG com.paypal.sdk.core.EndpointsReader:http-bio-8082-exec-6 (EndpointsReader.java:98) - Found endpoint URL : sandbox/PayPalAPI/92.0=https://api.sandbox.paypal.com/nvp [2013-01-18 23:05:34,764]
DEBUG com.paypal.sdk.core.EndpointsReader:http-bio-8082-exec-6 (EndpointsReader.java:98) - Found endpoint URL : sandbox/PayPalAPIAA/92.0=https://api.sandbox.paypal.com/nvp [2013-01-18 23:05:34,765]
DEBUG com.paypal.sdk.core.EndpointsReader:http-bio-8082-exec-6 (EndpointsReader.java:98) - Found endpoint URL : sandbox/PayPalAPI-threetoken/92.0=https://api-3t.sandbox.paypal.com/nvp [2013-01-18 23:05:34,765]
DEBUG com.paypal.sdk.core.EndpointsReader:http-bio-8082-exec-6 (EndpointsReader.java:98) - Found endpoint URL : sandbox/PayPalAPIAA-threetoken/92.0=https://api-aa-3t.sandbox.paypal.com/nvp [2013-01-18 23:05:34,766]
DEBUG com.paypal.sdk.core.EndpointsReader:http-bio-8082-exec-6 (EndpointsReader.java:98) - Found endpoint URL : beta-sandbox/PayPalAPI/92.0=https://api.beta-sandbox.paypal.com/nvp [2013-01-18 23:05:34,767]
DEBUG com.paypal.sdk.core.EndpointsReader:http-bio-8082-exec-6 (EndpointsReader.java:98) - Found endpoint URL : beta-sandbox/PayPalAPIAA/92.0=https://api.beta-sandbox.paypal.com/nvp [2013-01-18 23:05:34,768]
DEBUG com.paypal.sdk.core.EndpointsReader:http-bio-8082-exec-6 (EndpointsReader.java:98) - Found endpoint URL : beta-sandbox/PayPalAPI-threetoken/92.0=https://api-3t.beta-sandbox.paypal.com/nvp [2013-01-18 23:05:34,768]
DEBUG com.paypal.sdk.core.EndpointsReader:http-bio-8082-exec-6 (EndpointsReader.java:98) - Found endpoint URL : beta-sandbox/PayPalAPIAA-threetoken/92.0=https://api-aa-3t.beta-sandbox.paypal.com/nvp [2013-01-18 23:05:34,769]
DEBUG com.paypal.sdk.core.nvp.NVPAPICaller:http-bio-8082-exec-6 (NVPAPICaller.java:210) - Connection opened for PayPalAPI: https://api-3t.sandbox.paypal.com/nvp [2013-01-18 23:05:34,775]
DEBUG org.apache.commons.httpclient.params.DefaultHttpParams:http-bio-8082-exec-6 (DefaultHttpParams.java:150) - Set parameter http.useragent = Jakarta Commons-HttpClient/3.0.1 [2013-01-18 23:05:34,782]
DEBUG org.apache.commons.httpclient.params.DefaultHttpParams:http-bio-8082-exec-6 (DefaultHttpParams.java:150) - Set parameter http.protocol.version = HTTP/1.1 [2013-01-18 23:05:34,785]
DEBUG org.apache.commons.httpclient.params.DefaultHttpParams:http-bio-8082-exec-6 (DefaultHttpParams.java:150) - Set parameter http.connection-manager.class = class org.apache.commons.httpclient.SimpleHttpConnectionManager [2013-01-18 23:05:34,786]
DEBUG org.apache.commons.httpclient.params.DefaultHttpParams:http-bio-8082-exec-6 (DefaultHttpParams.java:150) - Set parameter http.protocol.cookie-policy = rfc2109 [2013-01-18 23:05:34,793]
DEBUG org.apache.commons.httpclient.params.DefaultHttpParams:http-bio-8082-exec-6 (DefaultHttpParams.java:150) - Set parameter http.protocol.element-charset = US-ASCII [2013-01-18 23:05:34,794]
DEBUG org.apache.commons.httpclient.params.DefaultHttpParams:http-bio-8082-exec-6 (DefaultHttpParams.java:150) - Set parameter http.protocol.content-charset = ISO-8859-1 [2013-01-18 23:05:34,794]
DEBUG org.apache.commons.httpclient.params.DefaultHttpParams:http-bio-8082-exec-6 (DefaultHttpParams.java:150) - Set parameter http.method.retry-handler = org.apache.commons.httpclient.DefaultHttpMethodRetryHandler@185af56 [2013-01-18 23:05:34,799]
DEBUG org.apache.commons.httpclient.params.DefaultHttpParams:http-bio-8082-exec-6 (DefaultHttpParams.java:150) - Set parameter http.dateparser.patterns = [EEE, dd MMM yyyy HH:mm:ss zzz, EEEE, dd-MMM-yy HH:mm:ss zzz, EEE MMM d HH:mm:ss yyyy, EEE, dd-MMM-yyyy HH:mm:ss z, EEE, dd-MMM-yyyy HH-mm-ss z, EEE, dd MMM yy HH:mm:ss z, EEE dd-MMM-yyyy HH:mm:ss z, EEE dd MMM yyyy HH:mm:ss z, EEE dd-MMM-yyyy HH-mm-ss z, EEE dd-MMM-yy HH:mm:ss z, EEE dd MMM yy HH:mm:ss z, EEE,dd-MMM-yy HH:mm:ss z, EEE,dd-MMM-yyyy HH:mm:ss z, EEE, dd-MM-yyyy HH:mm:ss z] [2013-01-18 23:05:34,800]
DEBUG org.apache.commons.httpclient.params.DefaultHttpParams:http-bio-8082-exec-6 (DefaultHttpParams.java:150) - Set parameter http.connection.timeout = 60000 [2013-01-18 23:05:34,800]
DEBUG org.apache.commons.httpclient.HttpClient:http-bio-8082-exec-6 (HttpClient.java:71) - Java version: 1.7.0_10 [2013-01-18 23:05:34,805]
DEBUG org.apache.commons.httpclient.HttpClient:http-bio-8082-exec-6 (HttpClient.java:72) - Java vendor: Oracle Corporation [2013-01-18 23:05:34,805]
DEBUG org.apache.commons.httpclient.HttpClient:http-bio-8082-exec-6 (HttpClient.java:73) - Java class path: C:\Program Files\Apache Software Foundation\Tomcat 7.0\bin\bootstrap.jar;C:\Program Files\Apache Software Foundation\Tomcat 7.0\bin\tomcat-juli.jar [2013-01-18 23:05:34,805]
DEBUG org.apache.commons.httpclient.HttpClient:http-bio-8082-exec-6 (HttpClient.java:74) - Operating system name: Windows 7 [2013-01-18 23:05:34,806]
DEBUG org.apache.commons.httpclient.HttpClient:http-bio-8082-exec-6 (HttpClient.java:75) - Operating system architecture: x86 [2013-01-18 23:05:34,806]
DEBUG org.apache.commons.httpclient.HttpClient:http-bio-8082-exec-6 (HttpClient.java:76) - Operating system version: 6.1 [2013-01-18 23:05:34,806]
DEBUG org.apache.commons.httpclient.HttpClient:http-bio-8082-exec-6 (HttpClient.java:81) - SUN 1.7: SUN (DSA key/parameter generation; DSA signing; SHA-1, MD5 digests; SecureRandom; X.509 certificates; JKS keystore; PKIX CertPathValidator; PKIX CertPathBuilder; LDAP, Collection CertStores, JavaPolicy Policy; JavaLoginConfig Configuration) [2013-01-18 23:05:34,807]
DEBUG org.apache.commons.httpclient.HttpClient:http-bio-8082-exec-6 (HttpClient.java:81) - SunRsaSign 1.7: Sun RSA signature provider [2013-01-18 23:05:34,807]
DEBUG org.apache.commons.httpclient.HttpClient:http-bio-8082-exec-6 (HttpClient.java:81) - SunEC 1.7: Sun Elliptic Curve provider (EC, ECDSA, ECDH) [2013-01-18 23:05:34,808]
DEBUG org.apache.commons.httpclient.HttpClient:http-bio-8082-exec-6 (HttpClient.java:81) - SunJSSE 1.7: Sun JSSE provider(PKCS12, SunX509 key/trust factories, SSLv3, TLSv1) [2013-01-18 23:05:34,808]
DEBUG org.apache.commons.httpclient.HttpClient:http-bio-8082-exec-6 (HttpClient.java:81) - SunJCE 1.7: SunJCE Provider (implements RSA, DES, Triple DES, AES, Blowfish, ARCFOUR, RC2, PBE, Diffie-Hellman, HMAC) [2013-01-18 23:05:34,808]
DEBUG org.apache.commons.httpclient.HttpClient:http-bio-8082-exec-6 (HttpClient.java:81) - SunJGSS 1.7: Sun (Kerberos v5, SPNEGO) [2013-01-18 23:05:34,809]
DEBUG org.apache.commons.httpclient.HttpClient:http-bio-8082-exec-6 (HttpClient.java:81) - SunSASL 1.7: Sun SASL provider(implements client mechanisms for: DIGEST-MD5, GSSAPI, EXTERNAL, PLAIN, CRAM-MD5, NTLM; server mechanisms for: DIGEST-MD5, GSSAPI, CRAM-MD5, NTLM) [2013-01-18 23:05:34,809]
DEBUG org.apache.commons.httpclient.HttpClient:http-bio-8082-exec-6 (HttpClient.java:81) - XMLDSig 1.0: XMLDSig (DOM XMLSignatureFactory; DOM KeyInfoFactory) [2013-01-18 23:05:34,809]
DEBUG org.apache.commons.httpclient.HttpClient:http-bio-8082-exec-6 (HttpClient.java:81) - SunPCSC 1.7: Sun PC/SC provider [2013-01-18 23:05:34,810]
DEBUG org.apache.commons.httpclient.HttpClient:http-bio-8082-exec-6 (HttpClient.java:81) - SunMSCAPI 1.7: Sun's Microsoft Crypto API provider [2013-01-18 23:05:34,810]
DEBUG org.apache.commons.httpclient.params.DefaultHttpParams:http-bio-8082-exec-6 (DefaultHttpParams.java:150) - Set parameter http.method.retry-handler = org.apache.commons.httpclient.DefaultHttpMethodRetryHandler@95973d [2013-01-18 23:05:34,828]
DEBUG org.apache.commons.httpclient.HeaderElement:http-bio-8082-exec-6 (HeaderElement.java:237) - enter HeaderElement.parseElements(String) [2013-01-18 23:05:34,867]
DEBUG org.apache.commons.httpclient.HeaderElement:http-bio-8082-exec-6 (HeaderElement.java:193) - enter HeaderElement.parseElements(char[]) [2013-01-18 23:05:34,868]
DEBUG org.apache.commons.httpclient.HeaderElement:http-bio-8082-exec-6 (HeaderElement.java:278) - enter HeaderElement.getParameterByName(String) [2013-01-18 23:05:34,869]
DEBUG org.apache.commons.httpclient.methods.PostMethod:http-bio-8082-exec-6 (PostMethod.java:151) - enter PostMethod.clearRequestBody() [2013-01-18 23:05:34,869]
DEBUG org.apache.commons.httpclient.methods.EntityEnclosingMethod:http-bio-8082-exec-6 (EntityEnclosingMethod.java:149) - enter EntityEnclosingMethod.clearRequestBody() [2013-01-18 23:05:34,870]
 INFO com.paypal.sdk.core.nvp.NVPAPICaller:http-bio-8082-exec-6 (NVPAPICaller.java:358) - CANCELURL=http%3A%2F%2Flocalhost%3A8082%2FTCNUCI%2Fpaypal%2FCancel.jsp&ALLOWNOTE=1&NOSHIPPING=1&PAYMENTREQUEST_0_PAYMENTACTION=Sale&SOLUTIONTYPE=Sole&RETURNURL=http%3A%2F%2Flocalhost%3A8082%2FTCNUCI%2Fpaypal%2FConfirm&L_PAYMENTREQUEST_0_NAME0=Thai+Culture+Night+2013&PAYMENTREQUEST_n_INVNUM=123456&PAYMENTREQUEST_0_INVNUM=123456&L_PAYMENTREQUEST_0_AMT0=15&ADDROVERRIDE=0&VERSION=84.0&PAYMENTREQUEST_0_ITEMAMT=75&L_PAYMENTREQUEST_0_DESC0=Ticket+Description&LANDINGPAGE=Billing&L_PAYMENTREQUEST_0_QTY0=5&EMAIL=buyer_1356826305_per%40uci.edu&METHOD=SetExpressCheckout&PAYMENTREQUEST_0_AMT=75&REQCONFIRMSHIPPING=0&PAYMENTREQUEST_0_CURRENCYCODE=USD&PWD=******&SOURCE=PAYPAL_JAVA_SDK_92.0&SIGNATURE=**********&USER=seller_1356826347_biz_api1.uci.edu sent [2013-01-18 23:05:34,872]
DEBUG org.apache.commons.httpclient.HttpClient:http-bio-8082-exec-6 (HttpClient.java:322) - enter HttpClient.executeMethod(HttpMethod) [2013-01-18 23:05:34,872]
DEBUG org.apache.commons.httpclient.HttpClient:http-bio-8082-exec-6 (HttpClient.java:373) - enter HttpClient.executeMethod(HostConfiguration,HttpMethod,HttpState) [2013-01-18 23:05:34,873]
DEBUG org.apache.commons.httpclient.HttpMethodDirector:http-bio-8082-exec-6 (HttpMethodDirector.java:378) - Attempt number 1 to process request [2013-01-18 23:05:34,886]
DEBUG org.apache.commons.httpclient.HttpConnection:http-bio-8082-exec-6 (HttpConnection.java:684) - enter HttpConnection.open() [2013-01-18 23:05:34,887]
DEBUG org.apache.commons.httpclient.HttpConnection:http-bio-8082-exec-6 (HttpConnection.java:691) - Open connection to api-3t.sandbox.paypal.com:443 [2013-01-18 23:05:34,887]
DEBUG com.paypal.sdk.core.nvp.NVPSSLSocketFactory:http-bio-8082-exec-6 (NVPSSLSocketFactory.java:138) - Server certificate chain: [2013-01-18 23:05:35,629]
DEBUG com.paypal.sdk.core.nvp.NVPSSLSocketFactory:http-bio-8082-exec-6 (NVPSSLSocketFactory.java:140) - X509Certificate[0]=[
[
  Version: V3
  Subject: CN=api-3t.sandbox.paypal.com, OU=PayPal Production, O="PayPal, Inc.", L=San Jose, ST=California, C=US
  Signature Algorithm: SHA1withRSA, OID = 1.2.840.113549.1.1.5

  Key:  Sun RSA public key, 2048 bits
  modulus: 26249330925140134709526871441560231357778200867776998646307629155962663706040252948990186320132243056260472101081593692279483480261629361717410791322077887724980076334913745263453891893998848454820362741713787832132945173251689975832901250426155252457224991341175332782550038642779201985764049460129804993548728695173163541412627490005449935753192063695904233456809251474866403432920150738623866659181283921537484225747910347865967666017207356034397062428244777746683692198459466642168307334466317811744588980112318649610923114884563103356721632398845746864580409921864129022587811672834878936644459746895420753517151
  public exponent: 65537
  Validity: [From: Wed Aug 10 17:00:00 PDT 2011,
               To: Tue Sep 17 16:59:59 PDT 2013]
  Issuer: CN=VeriSign Class 3 Secure Server CA - G3, OU=Terms of use at https://www.verisign.com/rpa (c)10, OU=VeriSign Trust Network, O="VeriSign, Inc.", C=US
  SerialNumber: [    5364cf37 bfdc2422 f890f86f 38e1d108]

Certificate Extensions: 8
[1]: ObjectId: 1.3.6.1.5.5.7.1.12 Criticality=false
Extension unknown: DER encoded OCTET string =
0000: 04 62 30 60 A1 5E A0 5C   30 5A 30 58 30 56 16 09  .b0`.^.\0Z0X0V..
0010: 69 6D 61 67 65 2F 67 69   66 30 21 30 1F 30 07 06  image/gif0!0.0..
0020: 05 2B 0E 03 02 1A 04 14   4B 6B B9 28 96 06 0C BB  .+......Kk.(....
0030: D0 52 38 9B 29 AC 4B 07   8B 21 05 18 30 26 16 24  .R8.).K..!..0&.$
0040: 68 74 74 70 3A 2F 2F 6C   6F 67 6F 2E 76 65 72 69  http://logo.veri
0050: 73 69 67 6E 2E 63 6F 6D   2F 76 73 6C 6F 67 6F 31  sign.com/vslogo1
0060: 2E 67 69 66                                        .gif


[2]: ObjectId: 1.3.6.1.5.5.7.1.1 Criticality=false
AuthorityInfoAccess [
  [
   accessMethod: ocsp
   accessLocation: URIName: http://ocsp.verisign.com
, 
   accessMethod: caIssuers
   accessLocation: URIName: http://SVRSecure-G3-aia.verisign.com/SVRSecureG3.cer
]
]

[3]: ObjectId: 2.5.29.35 Criticality=false
AuthorityKeyIdentifier [
KeyIdentifier [
0000: 0D 44 5C 16 53 44 C1 82   7E 1D 20 AB 25 F4 01 63  .D\.SD.... .%..c
0010: D8 BE 79 A5                                        ..y.
]
]

[4]: ObjectId: 2.5.29.19 Criticality=false
BasicConstraints:[
  CA:false
  PathLen: undefined
]

[5]: ObjectId: 2.5.29.31 Criticality=false
CRLDistributionPoints [
  [DistributionPoint:
     [URIName: http://SVRSecure-G3-crl.verisign.com/SVRSecureG3.crl]
]]

[6]: ObjectId: 2.5.29.32 Criticality=false
CertificatePolicies [
  [CertificatePolicyId: [2.16.840.1.113733.1.7.23.3]
[PolicyQualifierInfo: [
  qualifierID: 1.3.6.1.5.5.7.2.1
  qualifier: 0000: 16 1C 68 74 74 70 73 3A   2F 2F 77 77 77 2E 76 65  ..https://www.ve
0010: 72 69 73 69 67 6E 2E 63   6F 6D 2F 72 70 61        risign.com/rpa

]]  ]
]

[7]: ObjectId: 2.5.29.37 Criticality=false
ExtendedKeyUsages [
  serverAuth
  clientAuth
]

[8]: ObjectId: 2.5.29.15 Criticality=false
KeyUsage [
  DigitalSignature
  Key_Encipherment
]

]
  Algorithm: [SHA1withRSA]
  Signature:
0000: 4F 1A 25 26 FA 50 F2 AC   44 09 35 ED E5 44 C6 F2  O.%&.P..D.5..D..
0010: D9 ED D9 33 E7 6F 61 95   DB AA D9 7A CC 66 49 E2  ...3.oa....z.fI.
0020: 92 63 A1 DA F4 90 45 67   A3 4B C9 FA 96 17 D9 8E  .c....Eg.K......
0030: C0 D9 00 F2 F1 BC EE DF   E9 93 1A DA C8 C3 D1 4D  ...............M
0040: F6 1A 8D EE 4F 77 E7 BE   8E 55 A1 1F 4F B1 6C B8  ....Ow...U..O.l.
0050: 64 3E D3 81 4E E3 9F 29   D7 50 63 2B FE D5 7D DB  d>..N..).Pc+....
0060: C8 DE E4 53 33 2A A0 1B   86 35 2F 1F C7 32 97 DB  ...S3*...5/..2..
0070: 2A 4E D8 56 A1 19 FC 17   FB FC D7 1D A0 F4 68 17  *N.V..........h.
0080: C9 28 BD 04 1A DC DB C2   E0 24 2B E9 75 EE 80 8D  .(.......$+.u...
0090: 0E 62 B2 23 8A DB AA 43   AA AC F8 AC 48 7D 97 BF  .b.#...C....H...
00A0: AA 73 49 58 75 52 7D 6C   20 AC 65 99 78 15 B3 53  .sIXuR.l .e.x..S
00B0: 34 20 A5 C1 BF FE 7C E3   7B E1 B1 1F AD 2C DD 8A  4 ...........,..
00C0: AB AD E4 23 D5 94 96 F6   37 1D AB 49 EC 77 2D 0E  ...#....7..I.w-.
00D0: 2E B9 4C 03 03 A0 D0 21   92 71 FF FC CD 3E 3C 20  ..L....!.q...>< 
00E0: 04 0D 31 98 7A DA BA 3D   FE 2F BA 3C 2B ED 98 A6  ..1.z..=./.<+...
00F0: 88 43 37 5E A3 21 CC 23   5A 7E 47 BD C6 85 7A 72  .C7^.!.#Z.G...zr

] [2013-01-18 23:05:35,650]
DEBUG com.paypal.sdk.core.nvp.NVPSSLSocketFactory:http-bio-8082-exec-6 (NVPSSLSocketFactory.java:140) - X509Certificate[1]=[
[
  Version: V3
  Subject: CN=VeriSign Class 3 Secure Server CA - G3, OU=Terms of use at https://www.verisign.com/rpa (c)10, OU=VeriSign Trust Network, O="VeriSign, Inc.", C=US
  Signature Algorithm: SHA1withRSA, OID = 1.2.840.113549.1.1.5

  Key:  Sun RSA public key, 2048 bits
  modulus: 22411005463250430768975544771537504086091970713231457803700379366569155476314174242006108670275412015194990074334376939117850507339258912911174466278726261292301706146623597749961375316532369938119367454499998455155250760140317157482677834768763563366601909054978280443303435267557756819033927794566052512042789618460853713088346872602867464728237477437347292544343177126323293366631209826201863631131895103855437912324646836590500848819646405403630792258555949496866715911534884767019353100747150607575477690907495603868598549383145813123895282542223759660320452802819748399481784306009874185637437390748951415552527
  public exponent: 65537
  Validity: [From: Sun Feb 07 16:00:00 PST 2010,
               To: Fri Feb 07 15:59:59 PST 2020]
  Issuer: CN=VeriSign Class 3 Public Primary Certification Authority - G5, OU="(c) 2006 VeriSign, Inc. - For authorized use only", OU=VeriSign Trust Network, O="VeriSign, Inc.", C=US
  SerialNumber: [    6ecc7aa5 a7032009 b8cebcf4 e952d491]

Certificate Extensions: 9
[1]: ObjectId: 1.3.6.1.5.5.7.1.12 Criticality=false
Extension unknown: DER encoded OCTET string =
0000: 04 61 30 5F A1 5D A0 5B   30 59 30 57 30 55 16 09  .a0_.].[0Y0W0U..
0010: 69 6D 61 67 65 2F 67 69   66 30 21 30 1F 30 07 06  image/gif0!0.0..
0020: 05 2B 0E 03 02 1A 04 14   8F E5 D3 1A 86 AC 8D 8E  .+..............
0030: 6B C3 CF 80 6A D4 48 18   2C 7B 19 2E 30 25 16 23  k...j.H.,...0%.#
0040: 68 74 74 70 3A 2F 2F 6C   6F 67 6F 2E 76 65 72 69  http://logo.veri
0050: 73 69 67 6E 2E 63 6F 6D   2F 76 73 6C 6F 67 6F 2E  sign.com/vslogo.
0060: 67 69 66                                           gif


[2]: ObjectId: 1.3.6.1.5.5.7.1.1 Criticality=false
AuthorityInfoAccess [
  [
   accessMethod: ocsp
   accessLocation: URIName: http://ocsp.verisign.com
]
]

[3]: ObjectId: 2.5.29.35 Criticality=false
AuthorityKeyIdentifier [
KeyIdentifier [
0000: 7F D3 65 A7 C2 DD EC BB   F0 30 09 F3 43 39 FA 02  ..e......0..C9..
0010: AF 33 31 33                                        .313
]
]

[4]: ObjectId: 2.5.29.19 Criticality=true
BasicConstraints:[
  CA:true
  PathLen:0
]

[5]: ObjectId: 2.5.29.31 Criticality=false
CRLDistributionPoints [
  [DistributionPoint:
     [URIName: http://crl.verisign.com/pca3-g5.crl]
]]

[6]: ObjectId: 2.5.29.32 Criticality=false
CertificatePolicies [
  [CertificatePolicyId: [2.16.840.1.113733.1.7.23.3]
[PolicyQualifierInfo: [
  qualifierID: 1.3.6.1.5.5.7.2.1
  qualifier: 0000: 16 1C 68 74 74 70 73 3A   2F 2F 77 77 77 2E 76 65  ..https://www.ve
0010: 72 69 73 69 67 6E 2E 63   6F 6D 2F 63 70 73        risign.com/cps

], PolicyQualifierInfo: [
  qualifierID: 1.3.6.1.5.5.7.2.2
  qualifier: 0000: 30 1E 1A 1C 68 74 74 70   73 3A 2F 2F 77 77 77 2E  0...https://www.
0010: 76 65 72 69 73 69 67 6E   2E 63 6F 6D 2F 72 70 61  verisign.com/rpa

]]  ]
]

[7]: ObjectId: 2.5.29.15 Criticality=true
KeyUsage [
  Key_CertSign
  Crl_Sign
]

[8]: ObjectId: 2.5.29.17 Criticality=false
SubjectAlternativeName [
  CN=VeriSignMPKI-2-6
]

[9]: ObjectId: 2.5.29.14 Criticality=false
SubjectKeyIdentifier [
KeyIdentifier [
0000: 0D 44 5C 16 53 44 C1 82   7E 1D 20 AB 25 F4 01 63  .D\.SD.... .%..c
0010: D8 BE 79 A5                                        ..y.
]
]

]
  Algorithm: [SHA1withRSA]
  Signature:
0000: 0C 83 24 EF DD C3 0C D9   58 9C FE 36 B6 EB 8A 80  ..$.....X..6....
0010: 4B D1 A3 F7 9D F3 CC 53   EF 82 9E A3 A1 E6 97 C1  K......S........
0020: 58 9D 75 6C E0 1D 1B 4C   FA D1 C1 2D 05 C0 EA 6E  X.ul...L...-...n
0030: B2 22 70 55 D9 20 33 40   33 07 C2 65 83 FA 8F 43  ."pU. 3@3..e...C
0040: 37 9B EA 0E 9A 6C 70 EE   F6 9C 80 3B D9 37 F4 7A  7....lp....;.7.z
0050: 6D EC D0 18 7D 49 4A CA   99 C7 19 28 A2 BE D8 77  m....IJ....(...w
0060: 24 F7 85 26 86 6D 87 05   40 41 67 D1 27 3A ED DC  $..&.m..@Ag.':..
0070: 48 1D 22 CD 0B 0B 8B BC   F4 B1 7B FD B4 99 A8 E9  H.".............
0080: 76 2A E1 1A 2D 87 6E 74   D3 88 DD 1E 22 C6 DF 16  v*..-.nt...."...
0090: B6 2B 82 14 0A 94 5C F2   50 EC AF CE FF 62 37 0D  .+....\.P....b7.
00A0: AD 65 D3 06 41 53 ED 02   14 C8 B5 58 28 A1 AC E0  .e..AS.....X(...
00B0: 5B EC B3 7F 95 4A FB 03   C8 AD 26 DB E6 66 78 12  [....J....&..fx.
00C0: 4A D9 9F 42 FB E1 98 E6   42 83 9B 8F 8F 67 24 E8  J..B....B....g$.
00D0: 61 19 B5 DD CD B5 0B 26   05 8E C3 6E C4 C8 75 B8  a......&...n..u.
00E0: 46 CF E2 18 06 5E A9 AE   A8 81 9A 47 16 DE 0C 28  F....^.....G...(
00F0: 6C 25 27 B9 DE B7 84 58   C6 1F 38 1E A4 C4 CB 66  l%'....X..8....f

] [2013-01-18 23:05:35,656]
DEBUG com.paypal.sdk.core.nvp.NVPSSLSocketFactory:http-bio-8082-exec-6 (NVPSSLSocketFactory.java:140) - X509Certificate[2]=[
[
  Version: V3
  Subject: CN=VeriSign Class 3 Public Primary Certification Authority - G5, OU="(c) 2006 VeriSign, Inc. - For authorized use only", OU=VeriSign Trust Network, O="VeriSign, Inc.", C=US
  Signature Algorithm: SHA1withRSA, OID = 1.2.840.113549.1.1.5

  Key:  Sun RSA public key, 2048 bits
  modulus: 22109471102059671383796642714942393631149792360856487955190294587841800871022486252652612163196360832938367608763978013876844944237576704237206902072810376180366897841695320192789360300658269712766474225042097261456189264772686300705672328691871464945536513831768596383894122798581104077921511815271705394605095257256954381366139644740877956016759414080557948459417160074173313082409422023967584984099389949088073277478112907997447136173994433125025479812790590943737038696590266840534396683337181295383175344548120097700121250428676269067140626584500149856482388498317203907790209503513966223821253856296202557465877
  public exponent: 65537
  Validity: [From: Tue Nov 07 16:00:00 PST 2006,
               To: Sun Nov 07 15:59:59 PST 2021]
  Issuer: OU=Class 3 Public Primary Certification Authority, O="VeriSign, Inc.", C=US
  SerialNumber: [    250ce8e0 30612e9f 2b89f705 4d7cf8fd]

Certificate Extensions: 8
[1]: ObjectId: 1.3.6.1.5.5.7.1.12 Criticality=false
Extension unknown: DER encoded OCTET string =
0000: 04 61 30 5F A1 5D A0 5B   30 59 30 57 30 55 16 09  .a0_.].[0Y0W0U..
0010: 69 6D 61 67 65 2F 67 69   66 30 21 30 1F 30 07 06  image/gif0!0.0..
0020: 05 2B 0E 03 02 1A 04 14   8F E5 D3 1A 86 AC 8D 8E  .+..............
0030: 6B C3 CF 80 6A D4 48 18   2C 7B 19 2E 30 25 16 23  k...j.H.,...0%.#
0040: 68 74 74 70 3A 2F 2F 6C   6F 67 6F 2E 76 65 72 69  http://logo.veri
0050: 73 69 67 6E 2E 63 6F 6D   2F 76 73 6C 6F 67 6F 2E  sign.com/vslogo.
0060: 67 69 66                                           gif


[2]: ObjectId: 1.3.6.1.5.5.7.1.1 Criticality=false
AuthorityInfoAccess [
  [
   accessMethod: ocsp
   accessLocation: URIName: http://ocsp.verisign.com
]
]

[3]: ObjectId: 2.5.29.19 Criticality=true
BasicConstraints:[
  CA:true
  PathLen:2147483647
]

[4]: ObjectId: 2.5.29.31 Criticality=false
CRLDistributionPoints [
  [DistributionPoint:
     [URIName: http://crl.verisign.com/pca3.crl]
]]

[5]: ObjectId: 2.5.29.32 Criticality=false
CertificatePolicies [
  [CertificatePolicyId: [2.5.29.32.0]
[PolicyQualifierInfo: [
  qualifierID: 1.3.6.1.5.5.7.2.1
  qualifier: 0000: 16 1C 68 74 74 70 73 3A   2F 2F 77 77 77 2E 76 65  ..https://www.ve
0010: 72 69 73 69 67 6E 2E 63   6F 6D 2F 63 70 73        risign.com/cps

]]  ]
]

[6]: ObjectId: 2.5.29.37 Criticality=false
ExtendedKeyUsages [
  serverAuth
  clientAuth
  codeSigning
  2.16.840.1.113730.4.1
  2.16.840.1.113733.1.8.1
]

[7]: ObjectId: 2.5.29.15 Criticality=true
KeyUsage [
  Key_CertSign
  Crl_Sign
]

[8]: ObjectId: 2.5.29.14 Criticality=false
SubjectKeyIdentifier [
KeyIdentifier [
0000: 7F D3 65 A7 C2 DD EC BB   F0 30 09 F3 43 39 FA 02  ..e......0..C9..
0010: AF 33 31 33                                        .313
]
]

]
  Algorithm: [SHA1withRSA]
  Signature:
0000: 13 02 DD F8 E8 86 00 F2   5A F8 F8 20 0C 59 88 62  ........Z.. .Y.b
0010: 07 CE CE F7 4E F9 BB 59   A1 98 E5 E1 38 DD 4E BC  ....N..Y....8.N.
0020: 66 18 D3 AD EB 18 F2 0D   C9 6D 3E 4A 94 20 C3 3C  f........m>J. .<
0030: BA BD 65 54 C6 AF 44 B3   10 AD 2C 6B 3E AB D7 07  ..eT..D...,k>...
0040: B6 B8 81 63 C5 F9 5E 2E   E5 2A 67 CE CD 33 0C 2A  ...c..^..*g..3.*
0050: D7 89 56 03 23 1F B3 BE   E8 3A 08 59 B4 EC 45 35  ..V.#....:.Y..E5
0060: F7 8A 5B FF 66 CF 50 AF   C6 6D 57 8D 19 78 B7 B9  ..[.f.P..mW..x..
0070: A2 D1 57 EA 1F 9A 4B AF   BA C9 8E 12 7E C6 BD FF  ..W...K.........

] [2013-01-18 23:05:35,667]
DEBUG com.paypal.sdk.core.nvp.NVPSSLSocketFactory:http-bio-8082-exec-6 (NVPSSLSocketFactory.java:147) - Target hostname valid: api-3t.sandbox.paypal.com [2013-01-18 23:05:35,669]
DEBUG org.apache.commons.httpclient.HttpMethodBase:http-bio-8082-exec-6 (HttpMethodBase.java:976) - enter HttpMethodBase.execute(HttpState, HttpConnection) [2013-01-18 23:05:35,670]
DEBUG org.apache.commons.httpclient.HttpMethodBase:http-bio-8082-exec-6 (HttpMethodBase.java:1916) - enter HttpMethodBase.writeRequest(HttpState, HttpConnection) [2013-01-18 23:05:35,670]
DEBUG org.apache.commons.httpclient.HttpMethodBase:http-bio-8082-exec-6 (HttpMethodBase.java:2071) - enter HttpMethodBase.writeRequestLine(HttpState, HttpConnection) [2013-01-18 23:05:35,670]
DEBUG org.apache.commons.httpclient.HttpMethodBase:http-bio-8082-exec-6 (HttpMethodBase.java:1379) - enter HttpMethodBase.generateRequestLine(HttpConnection, String, String, String, String) [2013-01-18 23:05:35,670]
DEBUG httpclient.wire.header:http-bio-8082-exec-6 (Wire.java:69) - >> "POST /nvp HTTP/1.1[\r][\n]" [2013-01-18 23:05:35,672]
DEBUG org.apache.commons.httpclient.HttpConnection:http-bio-8082-exec-6 (HttpConnection.java:1031) - enter HttpConnection.print(String) [2013-01-18 23:05:35,672]
DEBUG org.apache.commons.httpclient.HttpConnection:http-bio-8082-exec-6 (HttpConnection.java:941) - enter HttpConnection.write(byte[]) [2013-01-18 23:05:35,672]
DEBUG org.apache.commons.httpclient.HttpConnection:http-bio-8082-exec-6 (HttpConnection.java:962) - enter HttpConnection.write(byte[], int, int) [2013-01-18 23:05:35,673]
DEBUG org.apache.commons.httpclient.HttpMethodBase:http-bio-8082-exec-6 (HttpMethodBase.java:2034) - enter HttpMethodBase.writeRequestHeaders(HttpState,HttpConnection) [2013-01-18 23:05:35,673]
DEBUG org.apache.commons.httpclient.methods.EntityEnclosingMethod:http-bio-8082-exec-6 (EntityEnclosingMethod.java:366) - enter EntityEnclosingMethod.addRequestHeaders(HttpState, HttpConnection) [2013-01-18 23:05:35,673]
DEBUG org.apache.commons.httpclient.methods.ExpectContinueMethod:http-bio-8082-exec-6 (ExpectContinueMethod.java:182) - enter ExpectContinueMethod.addRequestHeaders(HttpState, HttpConnection) [2013-01-18 23:05:35,673]
DEBUG org.apache.commons.httpclient.HttpMethodBase:http-bio-8082-exec-6 (HttpMethodBase.java:1300) - enter HttpMethodBase.addRequestHeaders(HttpState, HttpConnection) [2013-01-18 23:05:35,673]
DEBUG org.apache.commons.httpclient.HttpMethodBase:http-bio-8082-exec-6 (HttpMethodBase.java:1325) - enter HttpMethodBase.addUserAgentRequestHeaders(HttpState, HttpConnection) [2013-01-18 23:05:35,674]
DEBUG org.apache.commons.httpclient.HttpMethodBase:http-bio-8082-exec-6 (HttpMethodBase.java:1211) - enter HttpMethodBase.addHostRequestHeader(HttpState, HttpConnection) [2013-01-18 23:05:35,674]
DEBUG org.apache.commons.httpclient.HttpMethodBase:http-bio-8082-exec-6 (HttpMethodBase.java:1235) - Adding Host request header [2013-01-18 23:05:35,674]
DEBUG org.apache.commons.httpclient.HttpMethodBase:http-bio-8082-exec-6 (HttpMethodBase.java:1163) - enter HttpMethodBase.addCookieRequestHeader(HttpState, HttpConnection) [2013-01-18 23:05:35,674]
DEBUG org.apache.commons.httpclient.HttpState:http-bio-8082-exec-6 (HttpState.java:172) - enter HttpState.getCookies() [2013-01-18 23:05:35,684]
DEBUG org.apache.commons.httpclient.cookie.CookieSpec:http-bio-8082-exec-6 (CookieSpecBase.java:548) - enter CookieSpecBase.match(String, int, String, boolean, Cookie[]) [2013-01-18 23:05:35,684]
DEBUG org.apache.commons.httpclient.HttpMethodBase:http-bio-8082-exec-6 (HttpMethodBase.java:1262) - enter HttpMethodBase.addProxyConnectionHeader(HttpState, HttpConnection) [2013-01-18 23:05:35,684]
DEBUG org.apache.commons.httpclient.methods.EntityEnclosingMethod:http-bio-8082-exec-6 (EntityEnclosingMethod.java:397) - enter EntityEnclosingMethod.addContentLengthRequestHeader(HttpState, HttpConnection) [2013-01-18 23:05:35,685]
DEBUG org.apache.commons.httpclient.methods.EntityEnclosingMethod:http-bio-8082-exec-6 (EntityEnclosingMethod.java:321) - enter EntityEnclosingMethod.getRequestContentLength() [2013-01-18 23:05:35,685]
DEBUG org.apache.commons.httpclient.methods.PostMethod:http-bio-8082-exec-6 (PostMethod.java:134) - enter PostMethod.hasRequestContent() [2013-01-18 23:05:35,685]
DEBUG org.apache.commons.httpclient.methods.EntityEnclosingMethod:http-bio-8082-exec-6 (EntityEnclosingMethod.java:134) - enter EntityEnclosingMethod.hasRequestContent() [2013-01-18 23:05:35,685]
DEBUG org.apache.commons.httpclient.HttpMethodBase:http-bio-8082-exec-6 (HttpMethodBase.java:382) - HttpMethodBase.addRequestHeader(Header) [2013-01-18 23:05:35,686]
DEBUG org.apache.commons.httpclient.methods.EntityEnclosingMethod:http-bio-8082-exec-6 (EntityEnclosingMethod.java:167) - enter EntityEnclosingMethod.renerateRequestBody() [2013-01-18 23:05:35,686]
DEBUG httpclient.wire.header:http-bio-8082-exec-6 (Wire.java:69) - >> "User-Agent: Jakarta Commons-HttpClient/3.0.1[\r][\n]" [2013-01-18 23:05:35,686]
DEBUG org.apache.commons.httpclient.HttpConnection:http-bio-8082-exec-6 (HttpConnection.java:1031) - enter HttpConnection.print(String) [2013-01-18 23:05:35,686]
DEBUG org.apache.commons.httpclient.HttpConnection:http-bio-8082-exec-6 (HttpConnection.java:941) - enter HttpConnection.write(byte[]) [2013-01-18 23:05:35,687]
DEBUG org.apache.commons.httpclient.HttpConnection:http-bio-8082-exec-6 (HttpConnection.java:962) - enter HttpConnection.write(byte[], int, int) [2013-01-18 23:05:35,687]
DEBUG httpclient.wire.header:http-bio-8082-exec-6 (Wire.java:69) - >> "Host: api-3t.sandbox.paypal.com[\r][\n]" [2013-01-18 23:05:35,687]
DEBUG org.apache.commons.httpclient.HttpConnection:http-bio-8082-exec-6 (HttpConnection.java:1031) - enter HttpConnection.print(String) [2013-01-18 23:05:35,687]
DEBUG org.apache.commons.httpclient.HttpConnection:http-bio-8082-exec-6 (HttpConnection.java:941) - enter HttpConnection.write(byte[]) [2013-01-18 23:05:35,687]
DEBUG org.apache.commons.httpclient.HttpConnection:http-bio-8082-exec-6 (HttpConnection.java:962) - enter HttpConnection.write(byte[], int, int) [2013-01-18 23:05:35,688]
DEBUG httpclient.wire.header:http-bio-8082-exec-6 (Wire.java:69) - >> "Content-Length: 793[\r][\n]" [2013-01-18 23:05:35,688]
DEBUG org.apache.commons.httpclient.HttpConnection:http-bio-8082-exec-6 (HttpConnection.java:1031) - enter HttpConnection.print(String) [2013-01-18 23:05:35,688]
DEBUG org.apache.commons.httpclient.HttpConnection:http-bio-8082-exec-6 (HttpConnection.java:941) - enter HttpConnection.write(byte[]) [2013-01-18 23:05:35,688]
DEBUG org.apache.commons.httpclient.HttpConnection:http-bio-8082-exec-6 (HttpConnection.java:962) - enter HttpConnection.write(byte[], int, int) [2013-01-18 23:05:35,688]
DEBUG httpclient.wire.header:http-bio-8082-exec-6 (Wire.java:69) - >> "Content-Type: text/html; charset=UTF-8[\r][\n]" [2013-01-18 23:05:35,689]
DEBUG org.apache.commons.httpclient.HttpConnection:http-bio-8082-exec-6 (HttpConnection.java:1031) - enter HttpConnection.print(String) [2013-01-18 23:05:35,689]
DEBUG org.apache.commons.httpclient.HttpConnection:http-bio-8082-exec-6 (HttpConnection.java:941) - enter HttpConnection.write(byte[]) [2013-01-18 23:05:35,689]
DEBUG org.apache.commons.httpclient.HttpConnection:http-bio-8082-exec-6 (HttpConnection.java:962) - enter HttpConnection.write(byte[], int, int) [2013-01-18 23:05:35,689]
DEBUG org.apache.commons.httpclient.HttpConnection:http-bio-8082-exec-6 (HttpConnection.java:1000) - enter HttpConnection.writeLine() [2013-01-18 23:05:35,689]
DEBUG org.apache.commons.httpclient.HttpConnection:http-bio-8082-exec-6 (HttpConnection.java:941) - enter HttpConnection.write(byte[]) [2013-01-18 23:05:35,690]
DEBUG org.apache.commons.httpclient.HttpConnection:http-bio-8082-exec-6 (HttpConnection.java:962) - enter HttpConnection.write(byte[], int, int) [2013-01-18 23:05:35,690]
DEBUG httpclient.wire.header:http-bio-8082-exec-6 (Wire.java:69) - >> "[\r][\n]" [2013-01-18 23:05:35,690]
DEBUG org.apache.commons.httpclient.methods.EntityEnclosingMethod:http-bio-8082-exec-6 (EntityEnclosingMethod.java:465) - enter EntityEnclosingMethod.writeRequestBody(HttpState, HttpConnection) [2013-01-18 23:05:35,690]
DEBUG org.apache.commons.httpclient.methods.PostMethod:http-bio-8082-exec-6 (PostMethod.java:134) - enter PostMethod.hasRequestContent() [2013-01-18 23:05:35,690]
DEBUG org.apache.commons.httpclient.methods.EntityEnclosingMethod:http-bio-8082-exec-6 (EntityEnclosingMethod.java:134) - enter EntityEnclosingMethod.hasRequestContent() [2013-01-18 23:05:35,691]
DEBUG org.apache.commons.httpclient.methods.EntityEnclosingMethod:http-bio-8082-exec-6 (EntityEnclosingMethod.java:321) - enter EntityEnclosingMethod.getRequestContentLength() [2013-01-18 23:05:35,691]
DEBUG org.apache.commons.httpclient.methods.PostMethod:http-bio-8082-exec-6 (PostMethod.java:134) - enter PostMethod.hasRequestContent() [2013-01-18 23:05:35,691]
DEBUG org.apache.commons.httpclient.methods.EntityEnclosingMethod:http-bio-8082-exec-6 (EntityEnclosingMethod.java:134) - enter EntityEnclosingMethod.hasRequestContent() [2013-01-18 23:05:35,691]
DEBUG org.apache.commons.httpclient.HttpConnection:http-bio-8082-exec-6 (HttpConnection.java:839) - enter HttpConnection.getRequestOutputStream() [2013-01-18 23:05:35,691]
DEBUG httpclient.wire.content:http-bio-8082-exec-6 (Wire.java:83) - >> "CANCELURL=http%3A%2F%2Flocalhost%3A8082%2FTCNUCI%2Fpaypal%2FCancel.jsp&ALLOWNOTE=1&NOSHIPPING=1&PAYMENTREQUEST_0_PAYMENTACTION=Sale&SOLUTIONTYPE=Sole&RETURNURL=http%3A%2F%2Flocalhost%3A8082%2FTCNUCI%2Fpaypal%2FConfirm&L_PAYMENTREQUEST_0_NAME0=Thai+Culture+Night+2013&PAYMENTREQUEST_n_INVNUM=123456&PAYMENTREQUEST_0_INVNUM=123456&L_PAYMENTREQUEST_0_AMT0=15&ADDROVERRIDE=0&VERSION=84.0&PAYMENTREQUEST_0_ITEMAMT=75&L_PAYMENTREQUEST_0_DESC0=Ticket+Description&LANDINGPAGE=Billing&L_PAYMENTREQUEST_0_QTY0=5&EMAIL=buyer_1356826305_per%40uci.edu&METHOD=SetExpressCheckout&PAYMENTREQUEST_0_AMT=75&REQCONFIRMSHIPPING=0&PAYMENTREQUEST_0_CURRENCYCODE=USD&PWD=1356826366&SOURCE=PAYPAL_JAVA_SDK_92.0&SIGNATURE=AguvEfY8t-dnOlacsrR2eaUEPu1QACIo4MBdKQQEWRaZVzG.914xzmIm&USER=seller_1356826347_biz_api1.uci.edu" [2013-01-18 23:05:35,692]
DEBUG org.apache.commons.httpclient.methods.EntityEnclosingMethod:http-bio-8082-exec-6 (EntityEnclosingMethod.java:504) - Request body sent [2013-01-18 23:05:35,693]
DEBUG org.apache.commons.httpclient.HttpConnection:http-bio-8082-exec-6 (HttpConnection.java:825) - enter HttpConnection.flushRequestOutputStream() [2013-01-18 23:05:35,693]
DEBUG org.apache.commons.httpclient.HttpMethodBase:http-bio-8082-exec-6 (HttpMethodBase.java:1585) - enter HttpMethodBase.readResponse(HttpState, HttpConnection) [2013-01-18 23:05:35,693]
DEBUG org.apache.commons.httpclient.HttpMethodBase:http-bio-8082-exec-6 (HttpMethodBase.java:1823) - enter HttpMethodBase.readStatusLine(HttpState, HttpConnection) [2013-01-18 23:05:35,693]
DEBUG org.apache.commons.httpclient.HttpConnection:http-bio-8082-exec-6 (HttpConnection.java:1112) - enter HttpConnection.readLine() [2013-01-18 23:05:35,694]
DEBUG org.apache.commons.httpclient.HttpParser:http-bio-8082-exec-6 (HttpParser.java:104) - enter HttpParser.readLine(InputStream, String) [2013-01-18 23:05:35,695]
DEBUG org.apache.commons.httpclient.HttpParser:http-bio-8082-exec-6 (HttpParser.java:73) - enter HttpParser.readRawLine() [2013-01-18 23:05:35,696]
DEBUG httpclient.wire.header:http-bio-8082-exec-6 (Wire.java:69) - << "HTTP/1.1 200 OK[\r][\n]" [2013-01-18 23:05:36,516]
DEBUG org.apache.commons.httpclient.HttpMethodBase:http-bio-8082-exec-6 (HttpMethodBase.java:1785) - enter HttpMethodBase.readResponseHeaders(HttpState,HttpConnection) [2013-01-18 23:05:36,520]
DEBUG org.apache.commons.httpclient.HttpConnection:http-bio-8082-exec-6 (HttpConnection.java:856) - enter HttpConnection.getResponseInputStream() [2013-01-18 23:05:36,520]
DEBUG org.apache.commons.httpclient.HttpParser:http-bio-8082-exec-6 (HttpParser.java:159) - enter HeaderParser.parseHeaders(InputStream, String) [2013-01-18 23:05:36,521]
DEBUG org.apache.commons.httpclient.HttpParser:http-bio-8082-exec-6 (HttpParser.java:104) - enter HttpParser.readLine(InputStream, String) [2013-01-18 23:05:36,522]
DEBUG org.apache.commons.httpclient.HttpParser:http-bio-8082-exec-6 (HttpParser.java:73) - enter HttpParser.readRawLine() [2013-01-18 23:05:36,522]
DEBUG org.apache.commons.httpclient.HttpParser:http-bio-8082-exec-6 (HttpParser.java:104) - enter HttpParser.readLine(InputStream, String) [2013-01-18 23:05:36,523]
DEBUG org.apache.commons.httpclient.HttpParser:http-bio-8082-exec-6 (HttpParser.java:73) - enter HttpParser.readRawLine() [2013-01-18 23:05:36,523]
DEBUG org.apache.commons.httpclient.HttpParser:http-bio-8082-exec-6 (HttpParser.java:104) - enter HttpParser.readLine(InputStream, String) [2013-01-18 23:05:36,524]
DEBUG org.apache.commons.httpclient.HttpParser:http-bio-8082-exec-6 (HttpParser.java:73) - enter HttpParser.readRawLine() [2013-01-18 23:05:36,525]
DEBUG org.apache.commons.httpclient.HttpParser:http-bio-8082-exec-6 (HttpParser.java:104) - enter HttpParser.readLine(InputStream, String) [2013-01-18 23:05:36,525]
DEBUG org.apache.commons.httpclient.HttpParser:http-bio-8082-exec-6 (HttpParser.java:73) - enter HttpParser.readRawLine() [2013-01-18 23:05:36,526]
DEBUG org.apache.commons.httpclient.HttpParser:http-bio-8082-exec-6 (HttpParser.java:104) - enter HttpParser.readLine(InputStream, String) [2013-01-18 23:05:36,526]
DEBUG org.apache.commons.httpclient.HttpParser:http-bio-8082-exec-6 (HttpParser.java:73) - enter HttpParser.readRawLine() [2013-01-18 23:05:36,527]
DEBUG org.apache.commons.httpclient.HttpParser:http-bio-8082-exec-6 (HttpParser.java:104) - enter HttpParser.readLine(InputStream, String) [2013-01-18 23:05:36,528]
DEBUG org.apache.commons.httpclient.HttpParser:http-bio-8082-exec-6 (HttpParser.java:73) - enter HttpParser.readRawLine() [2013-01-18 23:05:36,528]
DEBUG httpclient.wire.header:http-bio-8082-exec-6 (Wire.java:69) - << "Date: Sat, 19 Jan 2013 07:05:35 GMT[\r][\n]" [2013-01-18 23:05:36,529]
DEBUG httpclient.wire.header:http-bio-8082-exec-6 (Wire.java:69) - << "Server: Apache[\r][\n]" [2013-01-18 23:05:36,529]
DEBUG httpclient.wire.header:http-bio-8082-exec-6 (Wire.java:69) - << "Content-Length: 135[\r][\n]" [2013-01-18 23:05:36,530]
DEBUG httpclient.wire.header:http-bio-8082-exec-6 (Wire.java:69) - << "Connection: close[\r][\n]" [2013-01-18 23:05:36,531]
DEBUG httpclient.wire.header:http-bio-8082-exec-6 (Wire.java:69) - << "Content-Type: text/plain; charset=utf-8[\r][\n]" [2013-01-18 23:05:36,532]
DEBUG org.apache.commons.httpclient.HttpMethodBase:http-bio-8082-exec-6 (HttpMethodBase.java:1462) - enter HttpMethodBase.processResponseHeaders(HttpState, HttpConnection) [2013-01-18 23:05:36,533]
DEBUG org.apache.commons.httpclient.HttpMethodBase:http-bio-8082-exec-6 (HttpMethodBase.java:1636) - enter HttpMethodBase.readResponseBody(HttpState, HttpConnection) [2013-01-18 23:05:36,534]
DEBUG org.apache.commons.httpclient.HttpMethodBase:http-bio-8082-exec-6 (HttpMethodBase.java:1671) - enter HttpMethodBase.readResponseBody(HttpConnection) [2013-01-18 23:05:36,534]
DEBUG org.apache.commons.httpclient.HttpConnection:http-bio-8082-exec-6 (HttpConnection.java:856) - enter HttpConnection.getResponseInputStream() [2013-01-18 23:05:36,535]
DEBUG org.apache.commons.httpclient.HttpMethodBase:http-bio-8082-exec-6 (HttpMethodBase.java:2140) - enter HttpMethodBase.canResponseHaveBody(int) [2013-01-18 23:05:36,536]
DEBUG org.apache.commons.httpclient.HttpMethodBase:http-bio-8082-exec-6 (HttpMethodBase.java:679) - Buffering response body [2013-01-18 23:05:36,540]
DEBUG httpclient.wire.content:http-bio-8082-exec-6 (Wire.java:83) - << "TOKEN=EC%2d59B914106J3358918&TIMESTAMP=2013%2d01%2d19T07%3a05%3a35Z&CORRELATIONID=71c79bc4e9b1&ACK=Success&VERSION=84%2e0&BUILD=4181146" [2013-01-18 23:05:36,540]
DEBUG org.apache.commons.httpclient.HttpMethodBase:http-bio-8082-exec-6 (HttpMethodBase.java:905) - Should close connection in response to directive: close [2013-01-18 23:05:36,543]
DEBUG org.apache.commons.httpclient.HttpConnection:http-bio-8082-exec-6 (HttpConnection.java:1147) - enter HttpConnection.close() [2013-01-18 23:05:36,543]
DEBUG org.apache.commons.httpclient.HttpConnection:http-bio-8082-exec-6 (HttpConnection.java:1214) - enter HttpConnection.closeSockedAndStreams() [2013-01-18 23:05:36,544]
DEBUG org.apache.commons.httpclient.HttpConnection:http-bio-8082-exec-6 (HttpConnection.java:1173) - enter HttpConnection.releaseConnection() [2013-01-18 23:05:36,545]
DEBUG org.apache.commons.httpclient.HttpConnection:http-bio-8082-exec-6 (HttpConnection.java:1177) - Releasing connection back to connection manager. [2013-01-18 23:05:36,546]
DEBUG org.apache.commons.httpclient.HttpMethodBase:http-bio-8082-exec-6 (HttpMethodBase.java:2183) - enter getContentCharSet( Header contentheader ) [2013-01-18 23:05:36,553]
DEBUG org.apache.commons.httpclient.HeaderElement:http-bio-8082-exec-6 (HeaderElement.java:237) - enter HeaderElement.parseElements(String) [2013-01-18 23:05:36,554]
DEBUG org.apache.commons.httpclient.HeaderElement:http-bio-8082-exec-6 (HeaderElement.java:193) - enter HeaderElement.parseElements(char[]) [2013-01-18 23:05:36,554]
DEBUG org.apache.commons.httpclient.HeaderElement:http-bio-8082-exec-6 (HeaderElement.java:278) - enter HeaderElement.getParameterByName(String) [2013-01-18 23:05:36,554]
 INFO com.paypal.sdk.core.nvp.NVPAPICaller:http-bio-8082-exec-6 (NVPAPICaller.java:372) - TOKEN=EC%2d59B914106J3358918&TIMESTAMP=2013%2d01%2d19T07%3a05%3a35Z&CORRELATIONID=71c79bc4e9b1&ACK=Success&VERSION=84%2e0&BUILD=4181146 Ack : 200  Elapsed Time : 1,689 ms [2013-01-18 23:05:36,555]
ERROR Checkout:http-bio-8082-exec-3 (Checkout.java:43) - com.mysql.jdbc.Driver [2013-01-18 23:49:44,412]
 WARN Checkout:http-bio-8082-exec-11 (Checkout.java:78) - invoice number: 103050000 [2013-01-18 23:52:27,004]
 WARN Checkout:http-bio-8082-exec-1 (Checkout.java:79) - invoice number: 103050000 [2013-01-18 23:54:45,846]
 WARN TestUtil:main (TestUtil.java:21) - 1, 2, 5 [2013-01-18 23:56:24,669]
ERROR TestUtil:main (TestUtil.java:31) - This is an exception [2013-01-18 23:56:24,674]
java.lang.Exception: My Exception
	at paypal.TestUtil.myMethod(TestUtil.java:29)
	at paypal.TestUtil.main(TestUtil.java:23)
 INFO TestUtil:main (TestUtil.java:24) - This is an info message [2013-01-18 23:56:24,675]
 WARN TestUtil:main (TestUtil.java:21) - 1, 2, 5 [2013-01-19 00:00:21,958]
 WARN TestUtil:main (TestUtil.java:23) - 113, 0, 19 [2013-01-19 00:00:21,961]
ERROR TestUtil:main (TestUtil.java:33) - This is an exception [2013-01-19 00:00:21,962]
java.lang.Exception: My Exception
	at paypal.TestUtil.myMethod(TestUtil.java:31)
	at paypal.TestUtil.main(TestUtil.java:25)
 INFO TestUtil:main (TestUtil.java:26) - This is an info message [2013-01-19 00:00:21,963]
 WARN Checkout:http-bio-8082-exec-24 (Checkout.java:82) - invoice number: 1301190001 [2013-01-19 00:03:43,976]
 WARN Checkout:http-bio-8082-exec-10 (Checkout.java:82) - invoice number: 1301190001 [2013-01-19 00:40:25,880]
ERROR Checkout:http-bio-8082-exec-7 (Confirm.java:63) - invoice1301190001 [2013-01-19 00:43:26,904]
 WARN Checkout:http-bio-8082-exec-93 (Checkout.java:82) - invoice number: 1301190002 [2013-01-19 07:23:18,038]
 WARN Checkout:http-bio-8082-exec-5 (Checkout.java:82) - invoice number: 1301230002 [2013-01-23 08:49:39,710]
 WARN Checkout:http-bio-8082-exec-11 (Checkout.java:82) - invoice number: 1301230002 [2013-01-23 08:53:43,039]
ERROR Checkout:http-bio-8082-exec-16 (Checkout.java:87) - No operations allowed after connection closed. [2013-01-23 08:57:41,341]
ERROR Checkout:http-bio-8082-exec-19 (Checkout.java:87) - No operations allowed after connection closed. [2013-01-23 08:57:46,689]
 WARN Checkout:http-bio-8082-exec-6 (Checkout.java:82) - invoice number: 1301230002 [2013-01-23 08:58:31,499]
 WARN Checkout:http-bio-8082-exec-8 (Checkout.java:82) - invoice number: 1301230002 [2013-01-23 08:59:13,057]
 WARN Checkout:http-bio-8082-exec-1 (Checkout.java:82) - invoice number: 1301230002 [2013-01-23 09:00:26,399]
ERROR Checkout:http-bio-8082-exec-16 (Checkout.java:87) - No operations allowed after connection closed. [2013-01-23 09:01:18,302]
ERROR Checkout:http-bio-8082-exec-16 (Checkout.java:87) - No operations allowed after connection closed. [2013-01-23 09:01:25,987]
 WARN Checkout:http-bio-8082-exec-20 (Checkout.java:82) - invoice number: 1301230002 [2013-01-23 09:03:32,309]
 WARN Checkout:http-bio-8082-exec-32 (Checkout.java:82) - invoice number: 1301230002 [2013-01-23 09:10:56,270]
 WARN Checkout:http-bio-8082-exec-5 (Checkout.java:82) - invoice number: 1301230002 [2013-01-23 09:11:54,831]
 WARN Checkout:http-bio-8082-exec-8 (Checkout.java:82) - invoice number: 1301230002 [2013-01-23 09:13:34,428]
 WARN Checkout:http-bio-8082-exec-4 (Checkout.java:82) - invoice number: 1301230002 [2013-01-23 09:14:12,572]
ERROR Checkout:http-bio-8082-exec-4 (Checkout.java:124) - Parameter index out of range (1 > number of parameters, which is 0). [2013-01-23 09:14:12,582]
 WARN Checkout:http-bio-8082-exec-4 (Checkout.java:82) - invoice number: 1301230002 [2013-01-23 09:15:31,514]
ERROR Checkout:http-bio-8082-exec-4 (Checkout.java:124) - Column 'buyer_name' cannot be null [2013-01-23 09:15:31,525]
 INFO Checkout:http-bio-8082-exec-4 (Checkout.java:82) - invoice number: 1301230002 [2013-01-23 09:18:34,748]
 INFO Checkout:http-bio-8082-exec-4 (Checkout.java:187) - getParameters1301230002nullnullnullnull212.0012.00 [2013-01-23 09:18:34,752]
ERROR Checkout:http-bio-8082-exec-4 (Checkout.java:124) - Column 'buyer_name' cannot be null [2013-01-23 09:18:34,759]
 INFO Checkout:http-bio-8082-exec-4 (Checkout.java:82) - invoice number: 1301230002 [2013-01-23 09:20:50,789]
 INFO Checkout:http-bio-8082-exec-4 (Checkout.java:187) - getParameters1301230002Test Testbuyer_1356826305_per@uci.edunullnull212.0012.00 [2013-01-23 09:20:50,790]
 INFO Checkout:http-bio-8082-exec-4 (Checkout.java:116) - insert into invoice value(NULL, ?, ?, ?, ?, ?, ?, ?, ?,'','',NOW(),''), result: 1 [2013-01-23 09:20:50,791]
 INFO Checkout:http-bio-8082-exec-1 (Checkout.java:82) - invoice number: 1301230003 [2013-01-23 09:22:20,164]
 INFO Checkout:http-bio-8082-exec-1 (Checkout.java:187) - getParameters1301230003Test Testbuyer_1356826305_per@uci.edunullnull212.0024.00 [2013-01-23 09:22:20,164]
 INFO Checkout:http-bio-8082-exec-1 (Checkout.java:116) - insert into invoice value(NULL, ?, ?, ?, ?, ?, ?, ?, ?,'','',NOW(),''), result: 1 [2013-01-23 09:22:20,165]
 INFO Checkout:http-bio-8082-exec-10 (Checkout.java:82) - invoice number: 1301230004 [2013-01-23 09:44:38,545]
 INFO Checkout:http-bio-8082-exec-10 (Checkout.java:187) - getParameters1301230004Test Testbuyer_1356826305_per@uci.eduTest Test2buyer_1356826305_per@uci.edu2312.0036.00 [2013-01-23 09:44:38,549]
 INFO Checkout:http-bio-8082-exec-10 (Checkout.java:116) - insert into invoice value(NULL, ?, ?, ?, ?, ?, ?, ?, ?,'','',NOW(),''), result: 1 [2013-01-23 09:44:38,554]
 INFO Checkout:http-bio-8082-exec-17 (Checkout.java:82) - invoice number: 1301230005 [2013-01-23 09:55:05,109]
 INFO Checkout:http-bio-8082-exec-17 (Checkout.java:187) - getParameters1301230005Test Testbuyer_1356826305_per@uci.edunullnull112.0012.00 [2013-01-23 09:55:05,112]
 INFO Checkout:http-bio-8082-exec-17 (Checkout.java:116) - insert into invoice value(NULL, ?, ?, ?, ?, ?, ?, ?, ?,'','',NOW(),''), result: 1 [2013-01-23 09:55:05,112]
 INFO Checkout:http-bio-8082-exec-9 (Checkout.java:82) - invoice number: 1301230006 [2013-01-23 10:03:31,303]
 INFO Checkout:http-bio-8082-exec-9 (Checkout.java:186) - Checkout.java getParameters1301230006Test Testbuyer_1356826305_per@uci.edu1211212@zx.112112.0012.00 [2013-01-23 10:03:31,308]
 INFO Checkout:http-bio-8082-exec-9 (Checkout.java:116) - insert into invoice value(NULL, ?, ?, ?, ?, ?, ?, ?, ?,'','',NOW(),''), result: 1 [2013-01-23 10:03:31,309]
 INFO Checkout:http-bio-8082-exec-11 (Checkout.java:82) - invoice number: 1301230007 [2013-01-23 10:11:41,345]
 INFO Checkout:http-bio-8082-exec-11 (Checkout.java:186) - Checkout.java getParameters1301230007Test Testbuyer_1356826305_per@uci.eduTest Testbuyer_1356826305_per@uci.edu112.0012.00 [2013-01-23 10:11:41,348]
 INFO Checkout:http-bio-8082-exec-11 (Checkout.java:116) - insert into invoice value(NULL, ?, ?, ?, ?, ?, ?, ?, ?,'','',NOW(),''), result: 1 [2013-01-23 10:11:41,349]
 INFO Checkout:http-bio-8082-exec-47 (Checkout.java:82) - invoice number: 1301230008 [2013-01-23 14:17:09,321]
 INFO Checkout:http-bio-8082-exec-47 (Checkout.java:186) - Checkout.java getParameters1301230008Hello Worldbuyer_1356826305_per@uci.eduHello Worldbuyer_1356826305_per@uci.edu312.0036.00 [2013-01-23 14:17:09,323]
 INFO Checkout:http-bio-8082-exec-47 (Checkout.java:116) - insert into invoice value(NULL, ?, ?, ?, ?, ?, ?, ?, ?,'','',NOW(),''), result: 1 [2013-01-23 14:17:09,324]
 INFO Checkout:http-bio-8082-exec-41 (Checkout.java:82) - invoice number: 1301230009 [2013-01-23 14:21:33,023]
 INFO Checkout:http-bio-8082-exec-41 (Checkout.java:186) - Checkout.java getParameters1301230009Test Testbuyer_1356826305_per@uci.eduTest Testbuyer_1356826305_per@uci.edu112.0012.00 [2013-01-23 14:21:33,024]
 INFO Checkout:http-bio-8082-exec-41 (Checkout.java:116) - insert into invoice value(NULL, ?, ?, ?, ?, ?, ?, ?, ?,'','',NOW(),''), result: 1 [2013-01-23 14:21:33,025]
 INFO Checkout:http-bio-8082-exec-52 (Checkout.java:82) - invoice number: 1301230010 [2013-01-23 15:01:13,830]
 INFO Checkout:http-bio-8082-exec-52 (Checkout.java:186) - Checkout.java getParameters1301230010Hello Worldbuyer_1356826305_per@uci.eduPickup name112.0012.00 [2013-01-23 15:01:13,832]
 INFO Checkout:http-bio-8082-exec-52 (Checkout.java:116) - insert into invoice value(NULL, ?, ?, ?, ?, ?, ?, ?, ?,'','',NOW(),''), result: 1 [2013-01-23 15:01:13,833]
 INFO Checkout:http-bio-8082-exec-12 (Checkout.java:82) - invoice number: 1301230011 [2013-01-23 17:37:50,084]
 INFO Checkout:http-bio-8082-exec-12 (Checkout.java:186) - Checkout.java getParameters1301230011Hello Hellobuyer_1356826305_per@uci.eduHello Hellobuyer_1356826305_per@uci.edu512.0060.00 [2013-01-23 17:37:50,087]
 INFO Checkout:http-bio-8082-exec-12 (Checkout.java:116) - insert into invoice value(NULL, ?, ?, ?, ?, ?, ?, ?, ?,'','',NOW(),''), result: 1 [2013-01-23 17:37:50,088]
 INFO Checkout:http-bio-8082-exec-56 (Checkout.java:82) - invoice number: 1301230012 [2013-01-23 18:12:16,696]
 INFO Checkout:http-bio-8082-exec-56 (Checkout.java:186) - Checkout.java getParameters1301230012Test againbuyer_1356826305_per@uci.eduPickup 2aa@uci.edu112.0012.00 [2013-01-23 18:12:16,699]
 INFO Checkout:http-bio-8082-exec-56 (Checkout.java:116) - insert into invoice value(NULL, ?, ?, ?, ?, ?, ?, ?, ?,'','',NOW(),''), result: 1 [2013-01-23 18:12:16,700]
 INFO Checkout:http-bio-8082-exec-66 (Checkout.java:82) - invoice number: 1301230013 [2013-01-23 18:14:22,270]
 INFO Checkout:http-bio-8082-exec-66 (Checkout.java:186) - Checkout.java getParameters1301230013Test Test2buyer_1356826305_per@uci.eduaaa112.0012.00 [2013-01-23 18:14:22,271]
 INFO Checkout:http-bio-8082-exec-66 (Checkout.java:116) - insert into invoice value(NULL, ?, ?, ?, ?, ?, ?, ?, ?,'','',NOW(),''), result: 1 [2013-01-23 18:14:22,273]
